2018-04-09 20:11:10.517 [restartedMain] INFO  net.sppan.base.Application - Starting Application on l12h1-pc with PID 3316 (D:\project\SSM\CBECAdmin\target\classes started by mutoulazy in D:\project\SSM\CBECAdmin)
2018-04-09 20:11:10.526 [restartedMain] DEBUG net.sppan.base.Application - Running with Spring Boot v1.5.2.RELEASE, Spring v4.3.7.RELEASE
2018-04-09 20:11:10.527 [restartedMain] INFO  net.sppan.base.Application - No active profile set, falling back to default profiles: default
2018-04-09 20:11:11.453 [background-preinit] DEBUG org.jboss.logging - Logging Provider: org.jboss.logging.Slf4jLoggerProvider found via system property
2018-04-09 20:11:14.397 [restartedMain] INFO  com.alibaba.druid.pool.DruidDataSource - {dataSource-1} inited
2018-04-09 20:11:16.551 [Druid-ConnectionPool-Create-1455185332] ERROR com.alibaba.druid.pool.DruidDataSource - create connection error, url: jdbc:mysql://localhost:3306/base?characterEncoding=utf8
com.mysql.jdbc.exceptions.jdbc4.CommunicationsException: Communications link failure

The last packet sent successfully to the server was 0 milliseconds ago. The driver has not received any packets from the server.
	at sun.reflect.NativeConstructorAccessorImpl.newInstance0(Native Method)
	at sun.reflect.NativeConstructorAccessorImpl.newInstance(NativeConstructorAccessorImpl.java:62)
	at sun.reflect.DelegatingConstructorAccessorImpl.newInstance(DelegatingConstructorAccessorImpl.java:45)
	at java.lang.reflect.Constructor.newInstance(Constructor.java:422)
	at com.mysql.jdbc.Util.handleNewInstance(Util.java:425)
	at com.mysql.jdbc.SQLError.createCommunicationsException(SQLError.java:989)
	at com.mysql.jdbc.MysqlIO.<init>(MysqlIO.java:341)
	at com.mysql.jdbc.ConnectionImpl.coreConnect(ConnectionImpl.java:2203)
	at com.mysql.jdbc.ConnectionImpl.connectOneTryOnly(ConnectionImpl.java:2236)
	at com.mysql.jdbc.ConnectionImpl.createNewIO(ConnectionImpl.java:2035)
	at com.mysql.jdbc.ConnectionImpl.<init>(ConnectionImpl.java:790)
	at com.mysql.jdbc.JDBC4Connection.<init>(JDBC4Connection.java:47)
	at sun.reflect.NativeConstructorAccessorImpl.newInstance0(Native Method)
	at sun.reflect.NativeConstructorAccessorImpl.newInstance(NativeConstructorAccessorImpl.java:62)
	at sun.reflect.DelegatingConstructorAccessorImpl.newInstance(DelegatingConstructorAccessorImpl.java:45)
	at java.lang.reflect.Constructor.newInstance(Constructor.java:422)
	at com.mysql.jdbc.Util.handleNewInstance(Util.java:425)
	at com.mysql.jdbc.ConnectionImpl.getInstance(ConnectionImpl.java:400)
	at com.mysql.jdbc.NonRegisteringDriver.connect(NonRegisteringDriver.java:330)
	at com.alibaba.druid.pool.DruidAbstractDataSource.createPhysicalConnection(DruidAbstractDataSource.java:1375)
	at com.alibaba.druid.pool.DruidAbstractDataSource.createPhysicalConnection(DruidAbstractDataSource.java:1431)
	at com.alibaba.druid.pool.DruidDataSource$CreateConnectionThread.run(DruidDataSource.java:1888)
Caused by: java.net.ConnectException: Connection refused: connect
	at java.net.DualStackPlainSocketImpl.connect0(Native Method)
	at java.net.DualStackPlainSocketImpl.socketConnect(DualStackPlainSocketImpl.java:79)
	at java.net.AbstractPlainSocketImpl.doConnect(AbstractPlainSocketImpl.java:345)
	at java.net.AbstractPlainSocketImpl.connectToAddress(AbstractPlainSocketImpl.java:206)
	at java.net.AbstractPlainSocketImpl.connect(AbstractPlainSocketImpl.java:188)
	at java.net.PlainSocketImpl.connect(PlainSocketImpl.java:172)
	at java.net.SocksSocketImpl.connect(SocksSocketImpl.java:392)
	at java.net.Socket.connect(Socket.java:589)
	at com.mysql.jdbc.StandardSocketFactory.connect(StandardSocketFactory.java:211)
	at com.mysql.jdbc.MysqlIO.<init>(MysqlIO.java:300)
	... 15 common frames omitted
2018-04-09 20:11:18.556 [Druid-ConnectionPool-Create-1455185332] ERROR com.alibaba.druid.pool.DruidDataSource - create connection error, url: jdbc:mysql://localhost:3306/base?characterEncoding=utf8
com.mysql.jdbc.exceptions.jdbc4.CommunicationsException: Communications link failure

The last packet sent successfully to the server was 0 milliseconds ago. The driver has not received any packets from the server.
	at sun.reflect.NativeConstructorAccessorImpl.newInstance0(Native Method)
	at sun.reflect.NativeConstructorAccessorImpl.newInstance(NativeConstructorAccessorImpl.java:62)
	at sun.reflect.DelegatingConstructorAccessorImpl.newInstance(DelegatingConstructorAccessorImpl.java:45)
	at java.lang.reflect.Constructor.newInstance(Constructor.java:422)
	at com.mysql.jdbc.Util.handleNewInstance(Util.java:425)
	at com.mysql.jdbc.SQLError.createCommunicationsException(SQLError.java:989)
	at com.mysql.jdbc.MysqlIO.<init>(MysqlIO.java:341)
	at com.mysql.jdbc.ConnectionImpl.coreConnect(ConnectionImpl.java:2203)
	at com.mysql.jdbc.ConnectionImpl.connectOneTryOnly(ConnectionImpl.java:2236)
	at com.mysql.jdbc.ConnectionImpl.createNewIO(ConnectionImpl.java:2035)
	at com.mysql.jdbc.ConnectionImpl.<init>(ConnectionImpl.java:790)
	at com.mysql.jdbc.JDBC4Connection.<init>(JDBC4Connection.java:47)
	at sun.reflect.NativeConstructorAccessorImpl.newInstance0(Native Method)
	at sun.reflect.NativeConstructorAccessorImpl.newInstance(NativeConstructorAccessorImpl.java:62)
	at sun.reflect.DelegatingConstructorAccessorImpl.newInstance(DelegatingConstructorAccessorImpl.java:45)
	at java.lang.reflect.Constructor.newInstance(Constructor.java:422)
	at com.mysql.jdbc.Util.handleNewInstance(Util.java:425)
	at com.mysql.jdbc.ConnectionImpl.getInstance(ConnectionImpl.java:400)
	at com.mysql.jdbc.NonRegisteringDriver.connect(NonRegisteringDriver.java:330)
	at com.alibaba.druid.pool.DruidAbstractDataSource.createPhysicalConnection(DruidAbstractDataSource.java:1375)
	at com.alibaba.druid.pool.DruidAbstractDataSource.createPhysicalConnection(DruidAbstractDataSource.java:1431)
	at com.alibaba.druid.pool.DruidDataSource$CreateConnectionThread.run(DruidDataSource.java:1888)
Caused by: java.net.ConnectException: Connection refused: connect
	at java.net.DualStackPlainSocketImpl.connect0(Native Method)
	at java.net.DualStackPlainSocketImpl.socketConnect(DualStackPlainSocketImpl.java:79)
	at java.net.AbstractPlainSocketImpl.doConnect(AbstractPlainSocketImpl.java:345)
	at java.net.AbstractPlainSocketImpl.connectToAddress(AbstractPlainSocketImpl.java:206)
	at java.net.AbstractPlainSocketImpl.connect(AbstractPlainSocketImpl.java:188)
	at java.net.PlainSocketImpl.connect(PlainSocketImpl.java:172)
	at java.net.SocksSocketImpl.connect(SocksSocketImpl.java:392)
	at java.net.Socket.connect(Socket.java:589)
	at com.mysql.jdbc.StandardSocketFactory.connect(StandardSocketFactory.java:211)
	at com.mysql.jdbc.MysqlIO.<init>(MysqlIO.java:300)
	... 15 common frames omitted
2018-04-09 20:11:20.564 [Druid-ConnectionPool-Create-1455185332] ERROR com.alibaba.druid.pool.DruidDataSource - create connection error, url: jdbc:mysql://localhost:3306/base?characterEncoding=utf8
com.mysql.jdbc.exceptions.jdbc4.CommunicationsException: Communications link failure

The last packet sent successfully to the server was 0 milliseconds ago. The driver has not received any packets from the server.
	at sun.reflect.NativeConstructorAccessorImpl.newInstance0(Native Method)
	at sun.reflect.NativeConstructorAccessorImpl.newInstance(NativeConstructorAccessorImpl.java:62)
	at sun.reflect.DelegatingConstructorAccessorImpl.newInstance(DelegatingConstructorAccessorImpl.java:45)
	at java.lang.reflect.Constructor.newInstance(Constructor.java:422)
	at com.mysql.jdbc.Util.handleNewInstance(Util.java:425)
	at com.mysql.jdbc.SQLError.createCommunicationsException(SQLError.java:989)
	at com.mysql.jdbc.MysqlIO.<init>(MysqlIO.java:341)
	at com.mysql.jdbc.ConnectionImpl.coreConnect(ConnectionImpl.java:2203)
	at com.mysql.jdbc.ConnectionImpl.connectOneTryOnly(ConnectionImpl.java:2236)
	at com.mysql.jdbc.ConnectionImpl.createNewIO(ConnectionImpl.java:2035)
	at com.mysql.jdbc.ConnectionImpl.<init>(ConnectionImpl.java:790)
	at com.mysql.jdbc.JDBC4Connection.<init>(JDBC4Connection.java:47)
	at sun.reflect.NativeConstructorAccessorImpl.newInstance0(Native Method)
	at sun.reflect.NativeConstructorAccessorImpl.newInstance(NativeConstructorAccessorImpl.java:62)
	at sun.reflect.DelegatingConstructorAccessorImpl.newInstance(DelegatingConstructorAccessorImpl.java:45)
	at java.lang.reflect.Constructor.newInstance(Constructor.java:422)
	at com.mysql.jdbc.Util.handleNewInstance(Util.java:425)
	at com.mysql.jdbc.ConnectionImpl.getInstance(ConnectionImpl.java:400)
	at com.mysql.jdbc.NonRegisteringDriver.connect(NonRegisteringDriver.java:330)
	at com.alibaba.druid.pool.DruidAbstractDataSource.createPhysicalConnection(DruidAbstractDataSource.java:1375)
	at com.alibaba.druid.pool.DruidAbstractDataSource.createPhysicalConnection(DruidAbstractDataSource.java:1431)
	at com.alibaba.druid.pool.DruidDataSource$CreateConnectionThread.run(DruidDataSource.java:1888)
Caused by: java.net.ConnectException: Connection refused: connect
	at java.net.DualStackPlainSocketImpl.connect0(Native Method)
	at java.net.DualStackPlainSocketImpl.socketConnect(DualStackPlainSocketImpl.java:79)
	at java.net.AbstractPlainSocketImpl.doConnect(AbstractPlainSocketImpl.java:345)
	at java.net.AbstractPlainSocketImpl.connectToAddress(AbstractPlainSocketImpl.java:206)
	at java.net.AbstractPlainSocketImpl.connect(AbstractPlainSocketImpl.java:188)
	at java.net.PlainSocketImpl.connect(PlainSocketImpl.java:172)
	at java.net.SocksSocketImpl.connect(SocksSocketImpl.java:392)
	at java.net.Socket.connect(Socket.java:589)
	at com.mysql.jdbc.StandardSocketFactory.connect(StandardSocketFactory.java:211)
	at com.mysql.jdbc.MysqlIO.<init>(MysqlIO.java:300)
	... 15 common frames omitted
2018-04-09 20:12:34.215 [restartedMain] INFO  net.sppan.base.Application - Starting Application on l12h1-pc with PID 14952 (D:\project\SSM\CBECAdmin\target\classes started by mutoulazy in D:\project\SSM\CBECAdmin)
2018-04-09 20:12:34.219 [restartedMain] DEBUG net.sppan.base.Application - Running with Spring Boot v1.5.2.RELEASE, Spring v4.3.7.RELEASE
2018-04-09 20:12:34.219 [restartedMain] INFO  net.sppan.base.Application - No active profile set, falling back to default profiles: default
2018-04-09 20:12:34.735 [background-preinit] DEBUG org.jboss.logging - Logging Provider: org.jboss.logging.Slf4jLoggerProvider found via system property
2018-04-09 20:12:36.396 [restartedMain] INFO  com.alibaba.druid.pool.DruidDataSource - {dataSource-1} inited
2018-04-09 20:12:39.773 [restartedMain] DEBUG org.hibernate.SQL - select resource0_.id as id1_0_, resource0_.create_time as create_t2_0_, resource0_.description as descript3_0_, resource0_.icon as icon4_0_, resource0_.is_hide as is_hide5_0_, resource0_.level as level6_0_, resource0_.name as name7_0_, resource0_.parent_id as parent_13_0_, resource0_.sort as sort8_0_, resource0_.source_key as source_k9_0_, resource0_.source_url as source_10_0_, resource0_.type as type11_0_, resource0_.update_time as update_12_0_ from tb_resource resource0_
2018-04-09 20:12:40.607 [restartedMain] INFO  org.apache.catalina.core.StandardService - Starting service Tomcat
2018-04-09 20:12:40.608 [restartedMain] INFO  org.apache.catalina.core.StandardEngine - Starting Servlet Engine: Apache Tomcat/8.5.11
2018-04-09 20:12:40.765 [localhost-startStop-1] INFO  org.apache.catalina.core.ContainerBase.[Tomcat].[localhost].[/] - Initializing Spring embedded WebApplicationContext
2018-04-09 20:12:41.532 [restartedMain] DEBUG net.sf.ehcache.config.ConfigurationFactory - Configuring ehcache from InputStream
2018-04-09 20:12:41.585 [restartedMain] DEBUG net.sf.ehcache.config.BeanHandler - Ignoring ehcache attribute xmlns:xsi
2018-04-09 20:12:41.585 [restartedMain] DEBUG net.sf.ehcache.config.BeanHandler - Ignoring ehcache attribute xsi:noNamespaceSchemaLocation
2018-04-09 20:12:41.586 [restartedMain] DEBUG net.sf.ehcache.config.DiskStoreConfiguration - Disk Store Path: C:\Users\MUTOUL~1\AppData\Local\Temp\
2018-04-09 20:12:41.611 [restartedMain] DEBUG net.sf.ehcache.CacheManager - Creating new CacheManager with Configuration Object
2018-04-09 20:12:41.613 [restartedMain] DEBUG net.sf.ehcache.util.PropertyUtil - propertiesString is null.
2018-04-09 20:12:41.649 [restartedMain] DEBUG net.sf.ehcache.config.ConfigurationHelper - No CacheManagerEventListenerFactory class specified. Skipping...
2018-04-09 20:12:41.687 [restartedMain] DEBUG net.sf.ehcache.Cache - No BootstrapCacheLoaderFactory class specified. Skipping...
2018-04-09 20:12:41.687 [restartedMain] DEBUG net.sf.ehcache.Cache - CacheWriter factory not configured. Skipping...
2018-04-09 20:12:41.687 [restartedMain] DEBUG net.sf.ehcache.config.ConfigurationHelper - No CacheExceptionHandlerFactory class specified. Skipping...
2018-04-09 20:12:41.738 [restartedMain] DEBUG net.sf.ehcache.Cache - No BootstrapCacheLoaderFactory class specified. Skipping...
2018-04-09 20:12:41.738 [restartedMain] DEBUG net.sf.ehcache.Cache - CacheWriter factory not configured. Skipping...
2018-04-09 20:12:41.738 [restartedMain] DEBUG net.sf.ehcache.config.ConfigurationHelper - No CacheExceptionHandlerFactory class specified. Skipping...
2018-04-09 20:12:41.739 [restartedMain] WARN  net.sf.ehcache.config.CacheConfiguration - Configuration problem for cache resourceCache: MaxEntriesLocalHeap equal or greater than MaxEntriesLocalDisk. This will result in useless disk storage.
2018-04-09 20:12:41.764 [restartedMain] DEBUG net.sf.ehcache.DiskStorePathManager - Using diskstore path C:\Users\MUTOUL~1\AppData\Local\Temp
2018-04-09 20:12:41.764 [restartedMain] DEBUG net.sf.ehcache.DiskStorePathManager - Holding exclusive lock on C:\Users\MUTOUL~1\AppData\Local\Temp\.ehcache-diskstore.lock
2018-04-09 20:12:41.765 [restartedMain] DEBUG net.sf.ehcache.store.disk.DiskStorageFactory - Failed to delete file resource%0043ache.index
2018-04-09 20:12:41.773 [restartedMain] DEBUG net.sf.ehcache.store.disk.DiskStorageFactory - Matching data file missing (or empty) for index file. Deleting index file C:\Users\MUTOUL~1\AppData\Local\Temp\resource%0043ache.index
2018-04-09 20:12:41.773 [restartedMain] DEBUG net.sf.ehcache.store.disk.DiskStorageFactory - Failed to delete file resource%0043ache.index
2018-04-09 20:12:41.814 [restartedMain] DEBUG net.sf.ehcache.statistics.extended.ExtendedStatisticsImpl - Mocking Pass-Through Statistic: LOCAL_OFFHEAP_SIZE
2018-04-09 20:12:41.815 [restartedMain] DEBUG net.sf.ehcache.statistics.extended.ExtendedStatisticsImpl - Mocking Pass-Through Statistic: LOCAL_OFFHEAP_SIZE_BYTES
2018-04-09 20:12:41.816 [restartedMain] DEBUG net.sf.ehcache.statistics.extended.ExtendedStatisticsImpl - Mocking Pass-Through Statistic: WRITER_QUEUE_LENGTH
2018-04-09 20:12:41.816 [restartedMain] DEBUG net.sf.ehcache.statistics.extended.ExtendedStatisticsImpl - Mocking Pass-Through Statistic: REMOTE_SIZE
2018-04-09 20:12:41.816 [restartedMain] DEBUG net.sf.ehcache.statistics.extended.ExtendedStatisticsImpl - Mocking Pass-Through Statistic: LAST_REJOIN_TIMESTAMP
2018-04-09 20:12:41.824 [restartedMain] DEBUG net.sf.ehcache.statistics.extended.ExtendedStatisticsImpl - Mocking Operation Statistic: OFFHEAP_GET
2018-04-09 20:12:41.825 [restartedMain] DEBUG net.sf.ehcache.statistics.extended.ExtendedStatisticsImpl - Mocking Operation Statistic: OFFHEAP_PUT
2018-04-09 20:12:41.825 [restartedMain] DEBUG net.sf.ehcache.statistics.extended.ExtendedStatisticsImpl - Mocking Operation Statistic: OFFHEAP_REMOVE
2018-04-09 20:12:41.826 [restartedMain] DEBUG net.sf.ehcache.statistics.extended.ExtendedStatisticsImpl - Mocking Operation Statistic: XA_COMMIT
2018-04-09 20:12:41.826 [restartedMain] DEBUG net.sf.ehcache.statistics.extended.ExtendedStatisticsImpl - Mocking Operation Statistic: XA_ROLLBACK
2018-04-09 20:12:41.826 [restartedMain] DEBUG net.sf.ehcache.statistics.extended.ExtendedStatisticsImpl - Mocking Operation Statistic: XA_RECOVERY
2018-04-09 20:12:41.828 [restartedMain] DEBUG net.sf.ehcache.statistics.extended.ExtendedStatisticsImpl - Mocking Operation Statistic: CLUSTER_EVENT
2018-04-09 20:12:41.828 [restartedMain] DEBUG net.sf.ehcache.statistics.extended.ExtendedStatisticsImpl - Mocking Operation Statistic: NONSTOP
2018-04-09 20:12:41.833 [restartedMain] DEBUG net.sf.ehcache.Cache - Initialised cache: resourceCache
2018-04-09 20:12:41.833 [restartedMain] DEBUG net.sf.ehcache.config.ConfigurationHelper - CacheDecoratorFactory not configured. Skipping for 'resourceCache'.
2018-04-09 20:12:41.833 [restartedMain] DEBUG net.sf.ehcache.config.ConfigurationHelper - CacheDecoratorFactory not configured for defaultCache. Skipping for 'resourceCache'.
2018-04-09 20:12:43.149 [restartedMain] INFO  org.apache.coyote.http11.Http11NioProtocol - Initializing ProtocolHandler ["http-nio-80"]
2018-04-09 20:12:43.174 [restartedMain] INFO  org.apache.coyote.http11.Http11NioProtocol - Starting ProtocolHandler [http-nio-80]
2018-04-09 20:12:43.187 [restartedMain] INFO  org.apache.tomcat.util.net.NioSelectorPool - Using a shared selector for servlet write/read
2018-04-09 20:12:43.219 [restartedMain] INFO  net.sppan.base.Application - Started Application in 9.402 seconds (JVM running for 10.231)
2018-04-09 20:12:43.219 [restartedMain] DEBUG net.sppan.base.Application - 启动成功
2018-04-09 20:13:00.450 [http-nio-80-exec-1] INFO  org.apache.catalina.core.ContainerBase.[Tomcat].[localhost].[/] - Initializing Spring FrameworkServlet 'dispatcherServlet'
2018-04-09 20:13:07.801 [http-nio-80-exec-5] DEBUG org.hibernate.SQL - select user0_.id as id1_4_, user0_.address as address2_4_, user0_.birthday as birthday3_4_, user0_.create_time as create_t4_4_, user0_.delete_status as delete_s5_4_, user0_.description as descript6_4_, user0_.email as email7_4_, user0_.locked as locked8_4_, user0_.nick_name as nick_nam9_4_, user0_.password as passwor10_4_, user0_.sex as sex11_4_, user0_.telephone as telepho12_4_, user0_.update_time as update_13_4_, user0_.user_name as user_na14_4_ from tb_user user0_ where user0_.user_name=?
2018-04-09 20:13:19.659 [http-nio-80-exec-6] DEBUG org.hibernate.SQL - select user0_.id as id1_4_, user0_.address as address2_4_, user0_.birthday as birthday3_4_, user0_.create_time as create_t4_4_, user0_.delete_status as delete_s5_4_, user0_.description as descript6_4_, user0_.email as email7_4_, user0_.locked as locked8_4_, user0_.nick_name as nick_nam9_4_, user0_.password as passwor10_4_, user0_.sex as sex11_4_, user0_.telephone as telepho12_4_, user0_.update_time as update_13_4_, user0_.user_name as user_na14_4_ from tb_user user0_ where user0_.user_name=?
2018-04-09 20:13:19.768 [http-nio-80-exec-8] DEBUG org.hibernate.SQL - select user0_.id as id1_4_, user0_.address as address2_4_, user0_.birthday as birthday3_4_, user0_.create_time as create_t4_4_, user0_.delete_status as delete_s5_4_, user0_.description as descript6_4_, user0_.email as email7_4_, user0_.locked as locked8_4_, user0_.nick_name as nick_nam9_4_, user0_.password as passwor10_4_, user0_.sex as sex11_4_, user0_.telephone as telepho12_4_, user0_.update_time as update_13_4_, user0_.user_name as user_na14_4_ from tb_user user0_ where user0_.user_name=?
2018-04-09 20:13:19.772 [http-nio-80-exec-8] DEBUG org.hibernate.SQL - select roles0_.user_id as user_id1_5_0_, roles0_.role_id as role_id2_5_0_, role1_.id as id1_1_1_, role1_.create_time as create_t2_1_1_, role1_.description as descript3_1_1_, role1_.name as name4_1_1_, role1_.role_key as role_key5_1_1_, role1_.status as status6_1_1_, role1_.update_time as update_t7_1_1_ from tb_user_role roles0_ inner join tb_role role1_ on roles0_.role_id=role1_.id where roles0_.user_id=?
2018-04-09 20:13:19.889 [http-nio-80-exec-8] DEBUG org.hibernate.SQL - select resources0_.role_id as role_id1_2_0_, resources0_.resource_id as resource2_2_0_, resource1_.id as id1_0_1_, resource1_.create_time as create_t2_0_1_, resource1_.description as descript3_0_1_, resource1_.icon as icon4_0_1_, resource1_.is_hide as is_hide5_0_1_, resource1_.level as level6_0_1_, resource1_.name as name7_0_1_, resource1_.parent_id as parent_13_0_1_, resource1_.sort as sort8_0_1_, resource1_.source_key as source_k9_0_1_, resource1_.source_url as source_10_0_1_, resource1_.type as type11_0_1_, resource1_.update_time as update_12_0_1_ from tb_role_resource resources0_ inner join tb_resource resource1_ on resources0_.resource_id=resource1_.id where resources0_.role_id=?
2018-04-09 20:13:19.899 [http-nio-80-exec-8] DEBUG org.hibernate.SQL - select user0_.id as id1_4_, user0_.address as address2_4_, user0_.birthday as birthday3_4_, user0_.create_time as create_t4_4_, user0_.delete_status as delete_s5_4_, user0_.description as descript6_4_, user0_.email as email7_4_, user0_.locked as locked8_4_, user0_.nick_name as nick_nam9_4_, user0_.password as passwor10_4_, user0_.sex as sex11_4_, user0_.telephone as telepho12_4_, user0_.update_time as update_13_4_, user0_.user_name as user_na14_4_ from tb_user user0_ where user0_.user_name=?
2018-04-09 20:13:19.904 [http-nio-80-exec-8] DEBUG org.hibernate.SQL - select user0_.id as id1_4_, user0_.address as address2_4_, user0_.birthday as birthday3_4_, user0_.create_time as create_t4_4_, user0_.delete_status as delete_s5_4_, user0_.description as descript6_4_, user0_.email as email7_4_, user0_.locked as locked8_4_, user0_.nick_name as nick_nam9_4_, user0_.password as passwor10_4_, user0_.sex as sex11_4_, user0_.telephone as telepho12_4_, user0_.update_time as update_13_4_, user0_.user_name as user_na14_4_ from tb_user user0_ where user0_.user_name=?
2018-04-09 20:13:23.245 [http-nio-80-exec-1] DEBUG org.hibernate.SQL - select user0_.id as id1_4_, user0_.address as address2_4_, user0_.birthday as birthday3_4_, user0_.create_time as create_t4_4_, user0_.delete_status as delete_s5_4_, user0_.description as descript6_4_, user0_.email as email7_4_, user0_.locked as locked8_4_, user0_.nick_name as nick_nam9_4_, user0_.password as passwor10_4_, user0_.sex as sex11_4_, user0_.telephone as telepho12_4_, user0_.update_time as update_13_4_, user0_.user_name as user_na14_4_ from tb_user user0_ where user0_.user_name=?
2018-04-09 20:13:23.248 [http-nio-80-exec-1] DEBUG org.hibernate.SQL - select roles0_.user_id as user_id1_5_0_, roles0_.role_id as role_id2_5_0_, role1_.id as id1_1_1_, role1_.create_time as create_t2_1_1_, role1_.description as descript3_1_1_, role1_.name as name4_1_1_, role1_.role_key as role_key5_1_1_, role1_.status as status6_1_1_, role1_.update_time as update_t7_1_1_ from tb_user_role roles0_ inner join tb_role role1_ on roles0_.role_id=role1_.id where roles0_.user_id=?
2018-04-09 20:13:23.249 [http-nio-80-exec-1] DEBUG org.hibernate.SQL - select resources0_.role_id as role_id1_2_0_, resources0_.resource_id as resource2_2_0_, resource1_.id as id1_0_1_, resource1_.create_time as create_t2_0_1_, resource1_.description as descript3_0_1_, resource1_.icon as icon4_0_1_, resource1_.is_hide as is_hide5_0_1_, resource1_.level as level6_0_1_, resource1_.name as name7_0_1_, resource1_.parent_id as parent_13_0_1_, resource1_.sort as sort8_0_1_, resource1_.source_key as source_k9_0_1_, resource1_.source_url as source_10_0_1_, resource1_.type as type11_0_1_, resource1_.update_time as update_12_0_1_ from tb_role_resource resources0_ inner join tb_resource resource1_ on resources0_.resource_id=resource1_.id where resources0_.role_id=?
2018-04-09 20:13:23.255 [http-nio-80-exec-1] DEBUG org.hibernate.SQL - select user0_.id as id1_4_, user0_.address as address2_4_, user0_.birthday as birthday3_4_, user0_.create_time as create_t4_4_, user0_.delete_status as delete_s5_4_, user0_.description as descript6_4_, user0_.email as email7_4_, user0_.locked as locked8_4_, user0_.nick_name as nick_nam9_4_, user0_.password as passwor10_4_, user0_.sex as sex11_4_, user0_.telephone as telepho12_4_, user0_.update_time as update_13_4_, user0_.user_name as user_na14_4_ from tb_user user0_ where user0_.user_name=?
2018-04-09 20:13:23.260 [http-nio-80-exec-1] DEBUG org.hibernate.SQL - select user0_.id as id1_4_, user0_.address as address2_4_, user0_.birthday as birthday3_4_, user0_.create_time as create_t4_4_, user0_.delete_status as delete_s5_4_, user0_.description as descript6_4_, user0_.email as email7_4_, user0_.locked as locked8_4_, user0_.nick_name as nick_nam9_4_, user0_.password as passwor10_4_, user0_.sex as sex11_4_, user0_.telephone as telepho12_4_, user0_.update_time as update_13_4_, user0_.user_name as user_na14_4_ from tb_user user0_ where user0_.user_name=?
2018-04-09 20:13:23.513 [http-nio-80-exec-1] DEBUG org.hibernate.SQL - select subject0_.id as id1_3_, subject0_.create_time as create_t2_3_, subject0_.description as descript3_3_, subject0_.is_hide as is_hide4_3_, subject0_.level as level5_3_, subject0_.name as name6_3_, subject0_.parent_id as parent_i9_3_, subject0_.sort as sort7_3_, subject0_.update_time as update_t8_3_ from tb_subject subject0_ where subject0_.name like ? limit ?
2018-04-09 20:13:38.534 [http-nio-80-exec-4] DEBUG org.hibernate.SQL - select user0_.id as id1_4_, user0_.address as address2_4_, user0_.birthday as birthday3_4_, user0_.create_time as create_t4_4_, user0_.delete_status as delete_s5_4_, user0_.description as descript6_4_, user0_.email as email7_4_, user0_.locked as locked8_4_, user0_.nick_name as nick_nam9_4_, user0_.password as passwor10_4_, user0_.sex as sex11_4_, user0_.telephone as telepho12_4_, user0_.update_time as update_13_4_, user0_.user_name as user_na14_4_ from tb_user user0_ where user0_.user_name=?
2018-04-09 20:13:38.537 [http-nio-80-exec-4] DEBUG org.hibernate.SQL - select roles0_.user_id as user_id1_5_0_, roles0_.role_id as role_id2_5_0_, role1_.id as id1_1_1_, role1_.create_time as create_t2_1_1_, role1_.description as descript3_1_1_, role1_.name as name4_1_1_, role1_.role_key as role_key5_1_1_, role1_.status as status6_1_1_, role1_.update_time as update_t7_1_1_ from tb_user_role roles0_ inner join tb_role role1_ on roles0_.role_id=role1_.id where roles0_.user_id=?
2018-04-09 20:13:38.538 [http-nio-80-exec-4] DEBUG org.hibernate.SQL - select resources0_.role_id as role_id1_2_0_, resources0_.resource_id as resource2_2_0_, resource1_.id as id1_0_1_, resource1_.create_time as create_t2_0_1_, resource1_.description as descript3_0_1_, resource1_.icon as icon4_0_1_, resource1_.is_hide as is_hide5_0_1_, resource1_.level as level6_0_1_, resource1_.name as name7_0_1_, resource1_.parent_id as parent_13_0_1_, resource1_.sort as sort8_0_1_, resource1_.source_key as source_k9_0_1_, resource1_.source_url as source_10_0_1_, resource1_.type as type11_0_1_, resource1_.update_time as update_12_0_1_ from tb_role_resource resources0_ inner join tb_resource resource1_ on resources0_.resource_id=resource1_.id where resources0_.role_id=?
2018-04-09 20:13:38.576 [http-nio-80-exec-4] DEBUG org.hibernate.SQL - select user0_.id as id1_4_, user0_.address as address2_4_, user0_.birthday as birthday3_4_, user0_.create_time as create_t4_4_, user0_.delete_status as delete_s5_4_, user0_.description as descript6_4_, user0_.email as email7_4_, user0_.locked as locked8_4_, user0_.nick_name as nick_nam9_4_, user0_.password as passwor10_4_, user0_.sex as sex11_4_, user0_.telephone as telepho12_4_, user0_.update_time as update_13_4_, user0_.user_name as user_na14_4_ from tb_user user0_ where user0_.user_name=?
2018-04-09 20:13:38.579 [http-nio-80-exec-4] DEBUG org.hibernate.SQL - select user0_.id as id1_4_, user0_.address as address2_4_, user0_.birthday as birthday3_4_, user0_.create_time as create_t4_4_, user0_.delete_status as delete_s5_4_, user0_.description as descript6_4_, user0_.email as email7_4_, user0_.locked as locked8_4_, user0_.nick_name as nick_nam9_4_, user0_.password as passwor10_4_, user0_.sex as sex11_4_, user0_.telephone as telepho12_4_, user0_.update_time as update_13_4_, user0_.user_name as user_na14_4_ from tb_user user0_ where user0_.user_name=?
2018-04-09 20:13:38.583 [http-nio-80-exec-4] DEBUG org.hibernate.SQL - select user0_.id as id1_4_, user0_.address as address2_4_, user0_.birthday as birthday3_4_, user0_.create_time as create_t4_4_, user0_.delete_status as delete_s5_4_, user0_.description as descript6_4_, user0_.email as email7_4_, user0_.locked as locked8_4_, user0_.nick_name as nick_nam9_4_, user0_.password as passwor10_4_, user0_.sex as sex11_4_, user0_.telephone as telepho12_4_, user0_.update_time as update_13_4_, user0_.user_name as user_na14_4_ from tb_user user0_ where user0_.user_name=?
2018-04-09 20:13:38.836 [http-nio-80-exec-9] DEBUG org.hibernate.SQL - select resource0_.id as id1_0_, resource0_.create_time as create_t2_0_, resource0_.description as descript3_0_, resource0_.icon as icon4_0_, resource0_.is_hide as is_hide5_0_, resource0_.level as level6_0_, resource0_.name as name7_0_, resource0_.parent_id as parent_13_0_, resource0_.sort as sort8_0_, resource0_.source_key as source_k9_0_, resource0_.source_url as source_10_0_, resource0_.type as type11_0_, resource0_.update_time as update_12_0_ from tb_resource resource0_ where resource0_.name like ? limit ?
2018-04-09 20:13:38.847 [http-nio-80-exec-9] DEBUG org.hibernate.SQL - select count(resource0_.id) as col_0_0_ from tb_resource resource0_ where resource0_.name like ?
2018-04-09 20:13:39.687 [http-nio-80-exec-7] DEBUG org.hibernate.SQL - select resource0_.id as id1_0_, resource0_.create_time as create_t2_0_, resource0_.description as descript3_0_, resource0_.icon as icon4_0_, resource0_.is_hide as is_hide5_0_, resource0_.level as level6_0_, resource0_.name as name7_0_, resource0_.parent_id as parent_13_0_, resource0_.sort as sort8_0_, resource0_.source_key as source_k9_0_, resource0_.source_url as source_10_0_, resource0_.type as type11_0_, resource0_.update_time as update_12_0_ from tb_resource resource0_
2018-04-09 20:18:02.014 [http-nio-80-exec-2] DEBUG org.hibernate.SQL - select user0_.id as id1_4_, user0_.address as address2_4_, user0_.birthday as birthday3_4_, user0_.create_time as create_t4_4_, user0_.delete_status as delete_s5_4_, user0_.description as descript6_4_, user0_.email as email7_4_, user0_.locked as locked8_4_, user0_.nick_name as nick_nam9_4_, user0_.password as passwor10_4_, user0_.sex as sex11_4_, user0_.telephone as telepho12_4_, user0_.update_time as update_13_4_, user0_.user_name as user_na14_4_ from tb_user user0_ where user0_.user_name=?
2018-04-09 20:18:02.016 [http-nio-80-exec-2] DEBUG org.hibernate.SQL - select roles0_.user_id as user_id1_5_0_, roles0_.role_id as role_id2_5_0_, role1_.id as id1_1_1_, role1_.create_time as create_t2_1_1_, role1_.description as descript3_1_1_, role1_.name as name4_1_1_, role1_.role_key as role_key5_1_1_, role1_.status as status6_1_1_, role1_.update_time as update_t7_1_1_ from tb_user_role roles0_ inner join tb_role role1_ on roles0_.role_id=role1_.id where roles0_.user_id=?
2018-04-09 20:18:02.018 [http-nio-80-exec-2] DEBUG org.hibernate.SQL - select resources0_.role_id as role_id1_2_0_, resources0_.resource_id as resource2_2_0_, resource1_.id as id1_0_1_, resource1_.create_time as create_t2_0_1_, resource1_.description as descript3_0_1_, resource1_.icon as icon4_0_1_, resource1_.is_hide as is_hide5_0_1_, resource1_.level as level6_0_1_, resource1_.name as name7_0_1_, resource1_.parent_id as parent_13_0_1_, resource1_.sort as sort8_0_1_, resource1_.source_key as source_k9_0_1_, resource1_.source_url as source_10_0_1_, resource1_.type as type11_0_1_, resource1_.update_time as update_12_0_1_ from tb_role_resource resources0_ inner join tb_resource resource1_ on resources0_.resource_id=resource1_.id where resources0_.role_id=?
2018-04-09 20:18:02.022 [http-nio-80-exec-2] DEBUG org.hibernate.SQL - select user0_.id as id1_4_, user0_.address as address2_4_, user0_.birthday as birthday3_4_, user0_.create_time as create_t4_4_, user0_.delete_status as delete_s5_4_, user0_.description as descript6_4_, user0_.email as email7_4_, user0_.locked as locked8_4_, user0_.nick_name as nick_nam9_4_, user0_.password as passwor10_4_, user0_.sex as sex11_4_, user0_.telephone as telepho12_4_, user0_.update_time as update_13_4_, user0_.user_name as user_na14_4_ from tb_user user0_ where user0_.user_name=?
2018-04-09 20:18:02.025 [http-nio-80-exec-2] DEBUG org.hibernate.SQL - select user0_.id as id1_4_, user0_.address as address2_4_, user0_.birthday as birthday3_4_, user0_.create_time as create_t4_4_, user0_.delete_status as delete_s5_4_, user0_.description as descript6_4_, user0_.email as email7_4_, user0_.locked as locked8_4_, user0_.nick_name as nick_nam9_4_, user0_.password as passwor10_4_, user0_.sex as sex11_4_, user0_.telephone as telepho12_4_, user0_.update_time as update_13_4_, user0_.user_name as user_na14_4_ from tb_user user0_ where user0_.user_name=?
2018-04-09 20:18:02.277 [http-nio-80-exec-4] DEBUG org.hibernate.SQL - select subject0_.id as id1_3_, subject0_.create_time as create_t2_3_, subject0_.description as descript3_3_, subject0_.is_hide as is_hide4_3_, subject0_.level as level5_3_, subject0_.name as name6_3_, subject0_.parent_id as parent_i9_3_, subject0_.sort as sort7_3_, subject0_.update_time as update_t8_3_ from tb_subject subject0_ where subject0_.name like ? limit ?
2018-04-09 20:18:03.444 [http-nio-80-exec-2] DEBUG org.hibernate.SQL - select subject0_.id as id1_3_, subject0_.create_time as create_t2_3_, subject0_.description as descript3_3_, subject0_.is_hide as is_hide4_3_, subject0_.level as level5_3_, subject0_.name as name6_3_, subject0_.parent_id as parent_i9_3_, subject0_.sort as sort7_3_, subject0_.update_time as update_t8_3_ from tb_subject subject0_
2018-04-09 20:18:29.951 [http-nio-80-exec-5] DEBUG org.hibernate.SQL - select subject0_.id as id1_3_, subject0_.create_time as create_t2_3_, subject0_.description as descript3_3_, subject0_.is_hide as is_hide4_3_, subject0_.level as level5_3_, subject0_.name as name6_3_, subject0_.parent_id as parent_i9_3_, subject0_.sort as sort7_3_, subject0_.update_time as update_t8_3_ from tb_subject subject0_ where subject0_.name like ? limit ?
2018-04-09 20:18:31.617 [http-nio-80-exec-10] DEBUG org.hibernate.SQL - select subject0_.id as id1_3_, subject0_.create_time as create_t2_3_, subject0_.description as descript3_3_, subject0_.is_hide as is_hide4_3_, subject0_.level as level5_3_, subject0_.name as name6_3_, subject0_.parent_id as parent_i9_3_, subject0_.sort as sort7_3_, subject0_.update_time as update_t8_3_ from tb_subject subject0_
2018-04-09 20:18:34.421 [http-nio-80-exec-10] DEBUG org.hibernate.SQL - select subject0_.id as id1_3_, subject0_.create_time as create_t2_3_, subject0_.description as descript3_3_, subject0_.is_hide as is_hide4_3_, subject0_.level as level5_3_, subject0_.name as name6_3_, subject0_.parent_id as parent_i9_3_, subject0_.sort as sort7_3_, subject0_.update_time as update_t8_3_ from tb_subject subject0_ where subject0_.name like ? limit ?
2018-04-09 20:18:43.087 [http-nio-80-exec-9] DEBUG org.hibernate.SQL - select subject0_.id as id1_3_0_, subject0_.create_time as create_t2_3_0_, subject0_.description as descript3_3_0_, subject0_.is_hide as is_hide4_3_0_, subject0_.level as level5_3_0_, subject0_.name as name6_3_0_, subject0_.parent_id as parent_i9_3_0_, subject0_.sort as sort7_3_0_, subject0_.update_time as update_t8_3_0_ from tb_subject subject0_ where subject0_.id=?
2018-04-09 20:18:43.132 [http-nio-80-exec-9] DEBUG org.hibernate.SQL - select subject0_.id as id1_3_, subject0_.create_time as create_t2_3_, subject0_.description as descript3_3_, subject0_.is_hide as is_hide4_3_, subject0_.level as level5_3_, subject0_.name as name6_3_, subject0_.parent_id as parent_i9_3_, subject0_.sort as sort7_3_, subject0_.update_time as update_t8_3_ from tb_subject subject0_
2018-04-09 20:18:48.669 [http-nio-80-exec-6] DEBUG org.hibernate.SQL - select subject0_.id as id1_3_, subject0_.create_time as create_t2_3_, subject0_.description as descript3_3_, subject0_.is_hide as is_hide4_3_, subject0_.level as level5_3_, subject0_.name as name6_3_, subject0_.parent_id as parent_i9_3_, subject0_.sort as sort7_3_, subject0_.update_time as update_t8_3_ from tb_subject subject0_ where subject0_.name like ? limit ?
2018-04-09 20:20:17.753 [Thread-8] INFO  com.alibaba.druid.pool.DruidDataSource - {dataSource-1} closed
2018-04-09 20:20:19.367 [restartedMain] INFO  net.sppan.base.Application - Starting Application on l12h1-pc with PID 14952 (D:\project\SSM\CBECAdmin\target\classes started by mutoulazy in D:\project\SSM\CBECAdmin)
2018-04-09 20:20:19.368 [restartedMain] DEBUG net.sppan.base.Application - Running with Spring Boot v1.5.2.RELEASE, Spring v4.3.7.RELEASE
2018-04-09 20:20:19.371 [restartedMain] INFO  net.sppan.base.Application - No active profile set, falling back to default profiles: default
2018-04-09 20:20:21.523 [restartedMain] INFO  com.alibaba.druid.pool.DruidDataSource - {dataSource-2} inited
2018-04-09 20:20:21.942 [restartedMain] DEBUG org.hibernate.SQL - select resource0_.id as id1_0_, resource0_.create_time as create_t2_0_, resource0_.description as descript3_0_, resource0_.icon as icon4_0_, resource0_.is_hide as is_hide5_0_, resource0_.level as level6_0_, resource0_.name as name7_0_, resource0_.parent_id as parent_13_0_, resource0_.sort as sort8_0_, resource0_.source_key as source_k9_0_, resource0_.source_url as source_10_0_, resource0_.type as type11_0_, resource0_.update_time as update_12_0_ from tb_resource resource0_
2018-04-09 20:20:22.106 [restartedMain] INFO  org.apache.catalina.core.StandardService - Starting service Tomcat
2018-04-09 20:20:22.107 [restartedMain] INFO  org.apache.catalina.core.StandardEngine - Starting Servlet Engine: Apache Tomcat/8.5.11
2018-04-09 20:20:22.117 [localhost-startStop-1] INFO  org.apache.catalina.core.ContainerBase.[Tomcat].[localhost].[/] - Initializing Spring embedded WebApplicationContext
2018-04-09 20:20:22.542 [restartedMain] DEBUG net.sf.ehcache.config.ConfigurationFactory - Configuring ehcache from InputStream
2018-04-09 20:20:22.544 [restartedMain] DEBUG net.sf.ehcache.config.BeanHandler - Ignoring ehcache attribute xmlns:xsi
2018-04-09 20:20:22.544 [restartedMain] DEBUG net.sf.ehcache.config.BeanHandler - Ignoring ehcache attribute xsi:noNamespaceSchemaLocation
2018-04-09 20:20:22.544 [restartedMain] DEBUG net.sf.ehcache.config.DiskStoreConfiguration - Disk Store Path: C:\Users\MUTOUL~1\AppData\Local\Temp\
2018-04-09 20:20:22.545 [restartedMain] DEBUG net.sf.ehcache.CacheManager - Creating new CacheManager with Configuration Object
2018-04-09 20:20:22.545 [restartedMain] DEBUG net.sf.ehcache.util.PropertyUtil - propertiesString is null.
2018-04-09 20:20:22.545 [restartedMain] DEBUG net.sf.ehcache.config.ConfigurationHelper - No CacheManagerEventListenerFactory class specified. Skipping...
2018-04-09 20:20:22.547 [restartedMain] DEBUG net.sf.ehcache.Cache - No BootstrapCacheLoaderFactory class specified. Skipping...
2018-04-09 20:20:22.547 [restartedMain] DEBUG net.sf.ehcache.Cache - CacheWriter factory not configured. Skipping...
2018-04-09 20:20:22.547 [restartedMain] DEBUG net.sf.ehcache.config.ConfigurationHelper - No CacheExceptionHandlerFactory class specified. Skipping...
2018-04-09 20:20:22.548 [restartedMain] DEBUG net.sf.ehcache.Cache - No BootstrapCacheLoaderFactory class specified. Skipping...
2018-04-09 20:20:22.548 [restartedMain] DEBUG net.sf.ehcache.Cache - CacheWriter factory not configured. Skipping...
2018-04-09 20:20:22.548 [restartedMain] DEBUG net.sf.ehcache.config.ConfigurationHelper - No CacheExceptionHandlerFactory class specified. Skipping...
2018-04-09 20:20:22.548 [restartedMain] WARN  net.sf.ehcache.config.CacheConfiguration - Configuration problem for cache resourceCache: MaxEntriesLocalHeap equal or greater than MaxEntriesLocalDisk. This will result in useless disk storage.
2018-04-09 20:20:22.550 [restartedMain] DEBUG net.sf.ehcache.DiskStorePathManager - Using diskstore path C:\Users\MUTOUL~1\AppData\Local\Temp
2018-04-09 20:20:22.550 [restartedMain] DEBUG net.sf.ehcache.DiskStorePathManager - Holding exclusive lock on C:\Users\MUTOUL~1\AppData\Local\Temp\.ehcache-diskstore.lock
2018-04-09 20:20:22.550 [restartedMain] DEBUG net.sf.ehcache.store.disk.DiskStorageFactory - Failed to delete file resource%0043ache.data
2018-04-09 20:20:22.550 [restartedMain] DEBUG net.sf.ehcache.store.disk.DiskStorageFactory - Failed to delete file resource%0043ache.index
2018-04-09 20:20:22.551 [restartedMain] DEBUG net.sf.ehcache.store.disk.DiskStorageFactory - Matching data file missing (or empty) for index file. Deleting index file C:\Users\MUTOUL~1\AppData\Local\Temp\resource%0043ache.index
2018-04-09 20:20:22.551 [restartedMain] DEBUG net.sf.ehcache.store.disk.DiskStorageFactory - Failed to delete file resource%0043ache.index
2018-04-09 20:20:22.553 [restartedMain] DEBUG net.sf.ehcache.statistics.extended.ExtendedStatisticsImpl - Mocking Pass-Through Statistic: LOCAL_OFFHEAP_SIZE
2018-04-09 20:20:22.554 [restartedMain] DEBUG net.sf.ehcache.statistics.extended.ExtendedStatisticsImpl - Mocking Pass-Through Statistic: LOCAL_OFFHEAP_SIZE_BYTES
2018-04-09 20:20:22.554 [restartedMain] DEBUG net.sf.ehcache.statistics.extended.ExtendedStatisticsImpl - Mocking Pass-Through Statistic: WRITER_QUEUE_LENGTH
2018-04-09 20:20:22.555 [restartedMain] DEBUG net.sf.ehcache.statistics.extended.ExtendedStatisticsImpl - Mocking Pass-Through Statistic: REMOTE_SIZE
2018-04-09 20:20:22.555 [restartedMain] DEBUG net.sf.ehcache.statistics.extended.ExtendedStatisticsImpl - Mocking Pass-Through Statistic: LAST_REJOIN_TIMESTAMP
2018-04-09 20:20:22.556 [restartedMain] DEBUG net.sf.ehcache.statistics.extended.ExtendedStatisticsImpl - Mocking Operation Statistic: OFFHEAP_GET
2018-04-09 20:20:22.557 [restartedMain] DEBUG net.sf.ehcache.statistics.extended.ExtendedStatisticsImpl - Mocking Operation Statistic: OFFHEAP_PUT
2018-04-09 20:20:22.557 [restartedMain] DEBUG net.sf.ehcache.statistics.extended.ExtendedStatisticsImpl - Mocking Operation Statistic: OFFHEAP_REMOVE
2018-04-09 20:20:22.558 [restartedMain] DEBUG net.sf.ehcache.statistics.extended.ExtendedStatisticsImpl - Mocking Operation Statistic: XA_COMMIT
2018-04-09 20:20:22.559 [restartedMain] DEBUG net.sf.ehcache.statistics.extended.ExtendedStatisticsImpl - Mocking Operation Statistic: XA_ROLLBACK
2018-04-09 20:20:22.559 [restartedMain] DEBUG net.sf.ehcache.statistics.extended.ExtendedStatisticsImpl - Mocking Operation Statistic: XA_RECOVERY
2018-04-09 20:20:22.559 [restartedMain] DEBUG net.sf.ehcache.statistics.extended.ExtendedStatisticsImpl - Mocking Operation Statistic: CLUSTER_EVENT
2018-04-09 20:20:22.560 [restartedMain] DEBUG net.sf.ehcache.statistics.extended.ExtendedStatisticsImpl - Mocking Operation Statistic: NONSTOP
2018-04-09 20:20:22.561 [restartedMain] DEBUG net.sf.ehcache.Cache - Initialised cache: resourceCache
2018-04-09 20:20:22.562 [restartedMain] DEBUG net.sf.ehcache.config.ConfigurationHelper - CacheDecoratorFactory not configured. Skipping for 'resourceCache'.
2018-04-09 20:20:22.562 [restartedMain] DEBUG net.sf.ehcache.config.ConfigurationHelper - CacheDecoratorFactory not configured for defaultCache. Skipping for 'resourceCache'.
2018-04-09 20:20:23.233 [restartedMain] INFO  org.apache.coyote.http11.Http11NioProtocol - Initializing ProtocolHandler ["http-nio-80"]
2018-04-09 20:20:23.233 [restartedMain] INFO  org.apache.coyote.http11.Http11NioProtocol - Starting ProtocolHandler [http-nio-80]
2018-04-09 20:20:23.235 [restartedMain] INFO  org.apache.tomcat.util.net.NioSelectorPool - Using a shared selector for servlet write/read
2018-04-09 20:20:23.241 [restartedMain] INFO  net.sppan.base.Application - Started Application in 4.105 seconds (JVM running for 470.252)
2018-04-09 20:20:23.241 [restartedMain] DEBUG net.sppan.base.Application - 启动成功
2018-04-09 20:21:19.102 [http-nio-80-exec-1] INFO  org.apache.catalina.core.ContainerBase.[Tomcat].[localhost].[/] - Initializing Spring FrameworkServlet 'dispatcherServlet'
2018-04-09 20:21:19.125 [http-nio-80-exec-1] DEBUG org.hibernate.SQL - select subject0_.id as id1_3_, subject0_.create_time as create_t2_3_, subject0_.description as descript3_3_, subject0_.is_hide as is_hide4_3_, subject0_.level as level5_3_, subject0_.name as name6_3_, subject0_.parent_id as parent_i9_3_, subject0_.sort as sort7_3_, subject0_.update_time as update_t8_3_ from tb_subject subject0_
2018-04-09 20:21:25.928 [http-nio-80-exec-3] DEBUG org.hibernate.SQL - select subject0_.id as id1_3_, subject0_.create_time as create_t2_3_, subject0_.description as descript3_3_, subject0_.is_hide as is_hide4_3_, subject0_.level as level5_3_, subject0_.name as name6_3_, subject0_.parent_id as parent_i9_3_, subject0_.sort as sort7_3_, subject0_.update_time as update_t8_3_ from tb_subject subject0_ where subject0_.name like ? limit ?
2018-04-09 20:21:27.576 [http-nio-80-exec-5] DEBUG org.hibernate.SQL - select subject0_.id as id1_3_0_, subject0_.create_time as create_t2_3_0_, subject0_.description as descript3_3_0_, subject0_.is_hide as is_hide4_3_0_, subject0_.level as level5_3_0_, subject0_.name as name6_3_0_, subject0_.parent_id as parent_i9_3_0_, subject0_.sort as sort7_3_0_, subject0_.update_time as update_t8_3_0_ from tb_subject subject0_ where subject0_.id=?
2018-04-09 20:21:27.580 [http-nio-80-exec-5] DEBUG org.hibernate.SQL - select subject0_.id as id1_3_, subject0_.create_time as create_t2_3_, subject0_.description as descript3_3_, subject0_.is_hide as is_hide4_3_, subject0_.level as level5_3_, subject0_.name as name6_3_, subject0_.parent_id as parent_i9_3_, subject0_.sort as sort7_3_, subject0_.update_time as update_t8_3_ from tb_subject subject0_
2018-04-09 20:21:33.304 [http-nio-80-exec-1] DEBUG org.hibernate.SQL - select subject0_.id as id1_3_, subject0_.create_time as create_t2_3_, subject0_.description as descript3_3_, subject0_.is_hide as is_hide4_3_, subject0_.level as level5_3_, subject0_.name as name6_3_, subject0_.parent_id as parent_i9_3_, subject0_.sort as sort7_3_, subject0_.update_time as update_t8_3_ from tb_subject subject0_ where subject0_.name like ? limit ?
2018-04-09 20:21:35.115 [http-nio-80-exec-6] DEBUG org.hibernate.SQL - select user0_.id as id1_4_, user0_.address as address2_4_, user0_.birthday as birthday3_4_, user0_.create_time as create_t4_4_, user0_.delete_status as delete_s5_4_, user0_.description as descript6_4_, user0_.email as email7_4_, user0_.locked as locked8_4_, user0_.nick_name as nick_nam9_4_, user0_.password as passwor10_4_, user0_.sex as sex11_4_, user0_.telephone as telepho12_4_, user0_.update_time as update_13_4_, user0_.user_name as user_na14_4_ from tb_user user0_ where user0_.user_name=?
2018-04-09 20:21:35.119 [http-nio-80-exec-6] DEBUG org.hibernate.SQL - select roles0_.user_id as user_id1_5_0_, roles0_.role_id as role_id2_5_0_, role1_.id as id1_1_1_, role1_.create_time as create_t2_1_1_, role1_.description as descript3_1_1_, role1_.name as name4_1_1_, role1_.role_key as role_key5_1_1_, role1_.status as status6_1_1_, role1_.update_time as update_t7_1_1_ from tb_user_role roles0_ inner join tb_role role1_ on roles0_.role_id=role1_.id where roles0_.user_id=?
2018-04-09 20:21:35.124 [http-nio-80-exec-6] DEBUG org.hibernate.SQL - select resources0_.role_id as role_id1_2_0_, resources0_.resource_id as resource2_2_0_, resource1_.id as id1_0_1_, resource1_.create_time as create_t2_0_1_, resource1_.description as descript3_0_1_, resource1_.icon as icon4_0_1_, resource1_.is_hide as is_hide5_0_1_, resource1_.level as level6_0_1_, resource1_.name as name7_0_1_, resource1_.parent_id as parent_13_0_1_, resource1_.sort as sort8_0_1_, resource1_.source_key as source_k9_0_1_, resource1_.source_url as source_10_0_1_, resource1_.type as type11_0_1_, resource1_.update_time as update_12_0_1_ from tb_role_resource resources0_ inner join tb_resource resource1_ on resources0_.resource_id=resource1_.id where resources0_.role_id=?
2018-04-09 20:21:35.131 [http-nio-80-exec-6] DEBUG org.hibernate.SQL - select user0_.id as id1_4_, user0_.address as address2_4_, user0_.birthday as birthday3_4_, user0_.create_time as create_t4_4_, user0_.delete_status as delete_s5_4_, user0_.description as descript6_4_, user0_.email as email7_4_, user0_.locked as locked8_4_, user0_.nick_name as nick_nam9_4_, user0_.password as passwor10_4_, user0_.sex as sex11_4_, user0_.telephone as telepho12_4_, user0_.update_time as update_13_4_, user0_.user_name as user_na14_4_ from tb_user user0_ where user0_.user_name=?
2018-04-09 20:21:35.133 [http-nio-80-exec-6] DEBUG org.hibernate.SQL - select user0_.id as id1_4_, user0_.address as address2_4_, user0_.birthday as birthday3_4_, user0_.create_time as create_t4_4_, user0_.delete_status as delete_s5_4_, user0_.description as descript6_4_, user0_.email as email7_4_, user0_.locked as locked8_4_, user0_.nick_name as nick_nam9_4_, user0_.password as passwor10_4_, user0_.sex as sex11_4_, user0_.telephone as telepho12_4_, user0_.update_time as update_13_4_, user0_.user_name as user_na14_4_ from tb_user user0_ where user0_.user_name=?
2018-04-09 20:21:35.136 [http-nio-80-exec-6] DEBUG org.hibernate.SQL - select user0_.id as id1_4_, user0_.address as address2_4_, user0_.birthday as birthday3_4_, user0_.create_time as create_t4_4_, user0_.delete_status as delete_s5_4_, user0_.description as descript6_4_, user0_.email as email7_4_, user0_.locked as locked8_4_, user0_.nick_name as nick_nam9_4_, user0_.password as passwor10_4_, user0_.sex as sex11_4_, user0_.telephone as telepho12_4_, user0_.update_time as update_13_4_, user0_.user_name as user_na14_4_ from tb_user user0_ where user0_.user_name=?
2018-04-09 20:21:35.434 [http-nio-80-exec-5] DEBUG org.hibernate.SQL - select user0_.id as id1_4_, user0_.address as address2_4_, user0_.birthday as birthday3_4_, user0_.create_time as create_t4_4_, user0_.delete_status as delete_s5_4_, user0_.description as descript6_4_, user0_.email as email7_4_, user0_.locked as locked8_4_, user0_.nick_name as nick_nam9_4_, user0_.password as passwor10_4_, user0_.sex as sex11_4_, user0_.telephone as telepho12_4_, user0_.update_time as update_13_4_, user0_.user_name as user_na14_4_ from tb_user user0_ where user0_.nick_name like ? limit ?
2018-04-09 20:21:35.441 [http-nio-80-exec-5] DEBUG org.hibernate.SQL - select roles0_.user_id as user_id1_5_0_, roles0_.role_id as role_id2_5_0_, role1_.id as id1_1_1_, role1_.create_time as create_t2_1_1_, role1_.description as descript3_1_1_, role1_.name as name4_1_1_, role1_.role_key as role_key5_1_1_, role1_.status as status6_1_1_, role1_.update_time as update_t7_1_1_ from tb_user_role roles0_ inner join tb_role role1_ on roles0_.role_id=role1_.id where roles0_.user_id=?
2018-04-09 20:21:35.445 [http-nio-80-exec-5] DEBUG org.hibernate.SQL - select resources0_.role_id as role_id1_2_0_, resources0_.resource_id as resource2_2_0_, resource1_.id as id1_0_1_, resource1_.create_time as create_t2_0_1_, resource1_.description as descript3_0_1_, resource1_.icon as icon4_0_1_, resource1_.is_hide as is_hide5_0_1_, resource1_.level as level6_0_1_, resource1_.name as name7_0_1_, resource1_.parent_id as parent_13_0_1_, resource1_.sort as sort8_0_1_, resource1_.source_key as source_k9_0_1_, resource1_.source_url as source_10_0_1_, resource1_.type as type11_0_1_, resource1_.update_time as update_12_0_1_ from tb_role_resource resources0_ inner join tb_resource resource1_ on resources0_.resource_id=resource1_.id where resources0_.role_id=?
2018-04-09 20:21:39.978 [http-nio-80-exec-8] DEBUG org.hibernate.SQL - select user0_.id as id1_4_0_, user0_.address as address2_4_0_, user0_.birthday as birthday3_4_0_, user0_.create_time as create_t4_4_0_, user0_.delete_status as delete_s5_4_0_, user0_.description as descript6_4_0_, user0_.email as email7_4_0_, user0_.locked as locked8_4_0_, user0_.nick_name as nick_nam9_4_0_, user0_.password as passwor10_4_0_, user0_.sex as sex11_4_0_, user0_.telephone as telepho12_4_0_, user0_.update_time as update_13_4_0_, user0_.user_name as user_na14_4_0_ from tb_user user0_ where user0_.id=?
2018-04-09 20:21:44.765 [http-nio-80-exec-1] DEBUG org.hibernate.SQL - select user0_.id as id1_4_, user0_.address as address2_4_, user0_.birthday as birthday3_4_, user0_.create_time as create_t4_4_, user0_.delete_status as delete_s5_4_, user0_.description as descript6_4_, user0_.email as email7_4_, user0_.locked as locked8_4_, user0_.nick_name as nick_nam9_4_, user0_.password as passwor10_4_, user0_.sex as sex11_4_, user0_.telephone as telepho12_4_, user0_.update_time as update_13_4_, user0_.user_name as user_na14_4_ from tb_user user0_ where user0_.nick_name like ? limit ?
2018-04-09 20:21:44.769 [http-nio-80-exec-1] DEBUG org.hibernate.SQL - select roles0_.user_id as user_id1_5_0_, roles0_.role_id as role_id2_5_0_, role1_.id as id1_1_1_, role1_.create_time as create_t2_1_1_, role1_.description as descript3_1_1_, role1_.name as name4_1_1_, role1_.role_key as role_key5_1_1_, role1_.status as status6_1_1_, role1_.update_time as update_t7_1_1_ from tb_user_role roles0_ inner join tb_role role1_ on roles0_.role_id=role1_.id where roles0_.user_id=?
2018-04-09 20:21:44.771 [http-nio-80-exec-1] DEBUG org.hibernate.SQL - select resources0_.role_id as role_id1_2_0_, resources0_.resource_id as resource2_2_0_, resource1_.id as id1_0_1_, resource1_.create_time as create_t2_0_1_, resource1_.description as descript3_0_1_, resource1_.icon as icon4_0_1_, resource1_.is_hide as is_hide5_0_1_, resource1_.level as level6_0_1_, resource1_.name as name7_0_1_, resource1_.parent_id as parent_13_0_1_, resource1_.sort as sort8_0_1_, resource1_.source_key as source_k9_0_1_, resource1_.source_url as source_10_0_1_, resource1_.type as type11_0_1_, resource1_.update_time as update_12_0_1_ from tb_role_resource resources0_ inner join tb_resource resource1_ on resources0_.resource_id=resource1_.id where resources0_.role_id=?
2018-04-09 20:21:45.781 [http-nio-80-exec-4] DEBUG org.hibernate.SQL - select user0_.id as id1_4_, user0_.address as address2_4_, user0_.birthday as birthday3_4_, user0_.create_time as create_t4_4_, user0_.delete_status as delete_s5_4_, user0_.description as descript6_4_, user0_.email as email7_4_, user0_.locked as locked8_4_, user0_.nick_name as nick_nam9_4_, user0_.password as passwor10_4_, user0_.sex as sex11_4_, user0_.telephone as telepho12_4_, user0_.update_time as update_13_4_, user0_.user_name as user_na14_4_ from tb_user user0_ where user0_.user_name=?
2018-04-09 20:21:45.783 [http-nio-80-exec-4] DEBUG org.hibernate.SQL - select roles0_.user_id as user_id1_5_0_, roles0_.role_id as role_id2_5_0_, role1_.id as id1_1_1_, role1_.create_time as create_t2_1_1_, role1_.description as descript3_1_1_, role1_.name as name4_1_1_, role1_.role_key as role_key5_1_1_, role1_.status as status6_1_1_, role1_.update_time as update_t7_1_1_ from tb_user_role roles0_ inner join tb_role role1_ on roles0_.role_id=role1_.id where roles0_.user_id=?
2018-04-09 20:21:45.784 [http-nio-80-exec-4] DEBUG org.hibernate.SQL - select resources0_.role_id as role_id1_2_0_, resources0_.resource_id as resource2_2_0_, resource1_.id as id1_0_1_, resource1_.create_time as create_t2_0_1_, resource1_.description as descript3_0_1_, resource1_.icon as icon4_0_1_, resource1_.is_hide as is_hide5_0_1_, resource1_.level as level6_0_1_, resource1_.name as name7_0_1_, resource1_.parent_id as parent_13_0_1_, resource1_.sort as sort8_0_1_, resource1_.source_key as source_k9_0_1_, resource1_.source_url as source_10_0_1_, resource1_.type as type11_0_1_, resource1_.update_time as update_12_0_1_ from tb_role_resource resources0_ inner join tb_resource resource1_ on resources0_.resource_id=resource1_.id where resources0_.role_id=?
2018-04-09 20:21:45.823 [http-nio-80-exec-4] DEBUG org.hibernate.SQL - select user0_.id as id1_4_, user0_.address as address2_4_, user0_.birthday as birthday3_4_, user0_.create_time as create_t4_4_, user0_.delete_status as delete_s5_4_, user0_.description as descript6_4_, user0_.email as email7_4_, user0_.locked as locked8_4_, user0_.nick_name as nick_nam9_4_, user0_.password as passwor10_4_, user0_.sex as sex11_4_, user0_.telephone as telepho12_4_, user0_.update_time as update_13_4_, user0_.user_name as user_na14_4_ from tb_user user0_ where user0_.user_name=?
2018-04-09 20:21:45.826 [http-nio-80-exec-4] DEBUG org.hibernate.SQL - select user0_.id as id1_4_, user0_.address as address2_4_, user0_.birthday as birthday3_4_, user0_.create_time as create_t4_4_, user0_.delete_status as delete_s5_4_, user0_.description as descript6_4_, user0_.email as email7_4_, user0_.locked as locked8_4_, user0_.nick_name as nick_nam9_4_, user0_.password as passwor10_4_, user0_.sex as sex11_4_, user0_.telephone as telepho12_4_, user0_.update_time as update_13_4_, user0_.user_name as user_na14_4_ from tb_user user0_ where user0_.user_name=?
2018-04-09 20:21:45.829 [http-nio-80-exec-4] DEBUG org.hibernate.SQL - select user0_.id as id1_4_, user0_.address as address2_4_, user0_.birthday as birthday3_4_, user0_.create_time as create_t4_4_, user0_.delete_status as delete_s5_4_, user0_.description as descript6_4_, user0_.email as email7_4_, user0_.locked as locked8_4_, user0_.nick_name as nick_nam9_4_, user0_.password as passwor10_4_, user0_.sex as sex11_4_, user0_.telephone as telepho12_4_, user0_.update_time as update_13_4_, user0_.user_name as user_na14_4_ from tb_user user0_ where user0_.user_name=?
2018-04-09 20:21:46.019 [http-nio-80-exec-2] DEBUG org.hibernate.SQL - select resource0_.id as id1_0_, resource0_.create_time as create_t2_0_, resource0_.description as descript3_0_, resource0_.icon as icon4_0_, resource0_.is_hide as is_hide5_0_, resource0_.level as level6_0_, resource0_.name as name7_0_, resource0_.parent_id as parent_13_0_, resource0_.sort as sort8_0_, resource0_.source_key as source_k9_0_, resource0_.source_url as source_10_0_, resource0_.type as type11_0_, resource0_.update_time as update_12_0_ from tb_resource resource0_ where resource0_.name like ? limit ?
2018-04-09 20:21:46.026 [http-nio-80-exec-2] DEBUG org.hibernate.SQL - select count(resource0_.id) as col_0_0_ from tb_resource resource0_ where resource0_.name like ?
2018-04-09 20:21:47.565 [http-nio-80-exec-7] DEBUG org.hibernate.SQL - select resource0_.id as id1_0_0_, resource0_.create_time as create_t2_0_0_, resource0_.description as descript3_0_0_, resource0_.icon as icon4_0_0_, resource0_.is_hide as is_hide5_0_0_, resource0_.level as level6_0_0_, resource0_.name as name7_0_0_, resource0_.parent_id as parent_13_0_0_, resource0_.sort as sort8_0_0_, resource0_.source_key as source_k9_0_0_, resource0_.source_url as source_10_0_0_, resource0_.type as type11_0_0_, resource0_.update_time as update_12_0_0_ from tb_resource resource0_ where resource0_.id=?
2018-04-09 20:21:47.569 [http-nio-80-exec-7] DEBUG org.hibernate.SQL - select resource0_.id as id1_0_, resource0_.create_time as create_t2_0_, resource0_.description as descript3_0_, resource0_.icon as icon4_0_, resource0_.is_hide as is_hide5_0_, resource0_.level as level6_0_, resource0_.name as name7_0_, resource0_.parent_id as parent_13_0_, resource0_.sort as sort8_0_, resource0_.source_key as source_k9_0_, resource0_.source_url as source_10_0_, resource0_.type as type11_0_, resource0_.update_time as update_12_0_ from tb_resource resource0_
2018-04-09 20:21:50.891 [http-nio-80-exec-2] DEBUG org.hibernate.SQL - select resource0_.id as id1_0_, resource0_.create_time as create_t2_0_, resource0_.description as descript3_0_, resource0_.icon as icon4_0_, resource0_.is_hide as is_hide5_0_, resource0_.level as level6_0_, resource0_.name as name7_0_, resource0_.parent_id as parent_13_0_, resource0_.sort as sort8_0_, resource0_.source_key as source_k9_0_, resource0_.source_url as source_10_0_, resource0_.type as type11_0_, resource0_.update_time as update_12_0_ from tb_resource resource0_ where resource0_.name like ? limit ?
2018-04-09 20:21:50.894 [http-nio-80-exec-2] DEBUG org.hibernate.SQL - select count(resource0_.id) as col_0_0_ from tb_resource resource0_ where resource0_.name like ?
2018-04-09 20:21:54.161 [http-nio-80-exec-5] DEBUG org.hibernate.SQL - select user0_.id as id1_4_, user0_.address as address2_4_, user0_.birthday as birthday3_4_, user0_.create_time as create_t4_4_, user0_.delete_status as delete_s5_4_, user0_.description as descript6_4_, user0_.email as email7_4_, user0_.locked as locked8_4_, user0_.nick_name as nick_nam9_4_, user0_.password as passwor10_4_, user0_.sex as sex11_4_, user0_.telephone as telepho12_4_, user0_.update_time as update_13_4_, user0_.user_name as user_na14_4_ from tb_user user0_ where user0_.user_name=?
2018-04-09 20:21:54.162 [http-nio-80-exec-5] DEBUG org.hibernate.SQL - select roles0_.user_id as user_id1_5_0_, roles0_.role_id as role_id2_5_0_, role1_.id as id1_1_1_, role1_.create_time as create_t2_1_1_, role1_.description as descript3_1_1_, role1_.name as name4_1_1_, role1_.role_key as role_key5_1_1_, role1_.status as status6_1_1_, role1_.update_time as update_t7_1_1_ from tb_user_role roles0_ inner join tb_role role1_ on roles0_.role_id=role1_.id where roles0_.user_id=?
2018-04-09 20:21:54.163 [http-nio-80-exec-5] DEBUG org.hibernate.SQL - select resources0_.role_id as role_id1_2_0_, resources0_.resource_id as resource2_2_0_, resource1_.id as id1_0_1_, resource1_.create_time as create_t2_0_1_, resource1_.description as descript3_0_1_, resource1_.icon as icon4_0_1_, resource1_.is_hide as is_hide5_0_1_, resource1_.level as level6_0_1_, resource1_.name as name7_0_1_, resource1_.parent_id as parent_13_0_1_, resource1_.sort as sort8_0_1_, resource1_.source_key as source_k9_0_1_, resource1_.source_url as source_10_0_1_, resource1_.type as type11_0_1_, resource1_.update_time as update_12_0_1_ from tb_role_resource resources0_ inner join tb_resource resource1_ on resources0_.resource_id=resource1_.id where resources0_.role_id=?
2018-04-09 20:21:54.167 [http-nio-80-exec-5] DEBUG org.hibernate.SQL - select user0_.id as id1_4_, user0_.address as address2_4_, user0_.birthday as birthday3_4_, user0_.create_time as create_t4_4_, user0_.delete_status as delete_s5_4_, user0_.description as descript6_4_, user0_.email as email7_4_, user0_.locked as locked8_4_, user0_.nick_name as nick_nam9_4_, user0_.password as passwor10_4_, user0_.sex as sex11_4_, user0_.telephone as telepho12_4_, user0_.update_time as update_13_4_, user0_.user_name as user_na14_4_ from tb_user user0_ where user0_.user_name=?
2018-04-09 20:21:54.169 [http-nio-80-exec-5] DEBUG org.hibernate.SQL - select user0_.id as id1_4_, user0_.address as address2_4_, user0_.birthday as birthday3_4_, user0_.create_time as create_t4_4_, user0_.delete_status as delete_s5_4_, user0_.description as descript6_4_, user0_.email as email7_4_, user0_.locked as locked8_4_, user0_.nick_name as nick_nam9_4_, user0_.password as passwor10_4_, user0_.sex as sex11_4_, user0_.telephone as telepho12_4_, user0_.update_time as update_13_4_, user0_.user_name as user_na14_4_ from tb_user user0_ where user0_.user_name=?
2018-04-09 20:21:54.354 [http-nio-80-exec-6] DEBUG org.hibernate.SQL - select subject0_.id as id1_3_, subject0_.create_time as create_t2_3_, subject0_.description as descript3_3_, subject0_.is_hide as is_hide4_3_, subject0_.level as level5_3_, subject0_.name as name6_3_, subject0_.parent_id as parent_i9_3_, subject0_.sort as sort7_3_, subject0_.update_time as update_t8_3_ from tb_subject subject0_ where subject0_.name like ? limit ?
2018-04-09 20:24:50.317 [http-nio-80-exec-5] DEBUG org.hibernate.SQL - select user0_.id as id1_4_, user0_.address as address2_4_, user0_.birthday as birthday3_4_, user0_.create_time as create_t4_4_, user0_.delete_status as delete_s5_4_, user0_.description as descript6_4_, user0_.email as email7_4_, user0_.locked as locked8_4_, user0_.nick_name as nick_nam9_4_, user0_.password as passwor10_4_, user0_.sex as sex11_4_, user0_.telephone as telepho12_4_, user0_.update_time as update_13_4_, user0_.user_name as user_na14_4_ from tb_user user0_ where user0_.user_name=?
2018-04-09 20:24:50.318 [http-nio-80-exec-5] DEBUG org.hibernate.SQL - select roles0_.user_id as user_id1_5_0_, roles0_.role_id as role_id2_5_0_, role1_.id as id1_1_1_, role1_.create_time as create_t2_1_1_, role1_.description as descript3_1_1_, role1_.name as name4_1_1_, role1_.role_key as role_key5_1_1_, role1_.status as status6_1_1_, role1_.update_time as update_t7_1_1_ from tb_user_role roles0_ inner join tb_role role1_ on roles0_.role_id=role1_.id where roles0_.user_id=?
2018-04-09 20:24:50.320 [http-nio-80-exec-5] DEBUG org.hibernate.SQL - select resources0_.role_id as role_id1_2_0_, resources0_.resource_id as resource2_2_0_, resource1_.id as id1_0_1_, resource1_.create_time as create_t2_0_1_, resource1_.description as descript3_0_1_, resource1_.icon as icon4_0_1_, resource1_.is_hide as is_hide5_0_1_, resource1_.level as level6_0_1_, resource1_.name as name7_0_1_, resource1_.parent_id as parent_13_0_1_, resource1_.sort as sort8_0_1_, resource1_.source_key as source_k9_0_1_, resource1_.source_url as source_10_0_1_, resource1_.type as type11_0_1_, resource1_.update_time as update_12_0_1_ from tb_role_resource resources0_ inner join tb_resource resource1_ on resources0_.resource_id=resource1_.id where resources0_.role_id=?
2018-04-09 20:24:50.325 [http-nio-80-exec-5] DEBUG org.hibernate.SQL - select user0_.id as id1_4_, user0_.address as address2_4_, user0_.birthday as birthday3_4_, user0_.create_time as create_t4_4_, user0_.delete_status as delete_s5_4_, user0_.description as descript6_4_, user0_.email as email7_4_, user0_.locked as locked8_4_, user0_.nick_name as nick_nam9_4_, user0_.password as passwor10_4_, user0_.sex as sex11_4_, user0_.telephone as telepho12_4_, user0_.update_time as update_13_4_, user0_.user_name as user_na14_4_ from tb_user user0_ where user0_.user_name=?
2018-04-09 20:24:50.328 [http-nio-80-exec-5] DEBUG org.hibernate.SQL - select user0_.id as id1_4_, user0_.address as address2_4_, user0_.birthday as birthday3_4_, user0_.create_time as create_t4_4_, user0_.delete_status as delete_s5_4_, user0_.description as descript6_4_, user0_.email as email7_4_, user0_.locked as locked8_4_, user0_.nick_name as nick_nam9_4_, user0_.password as passwor10_4_, user0_.sex as sex11_4_, user0_.telephone as telepho12_4_, user0_.update_time as update_13_4_, user0_.user_name as user_na14_4_ from tb_user user0_ where user0_.user_name=?
2018-04-09 20:24:54.138 [http-nio-80-exec-1] DEBUG org.hibernate.SQL - select user0_.id as id1_4_, user0_.address as address2_4_, user0_.birthday as birthday3_4_, user0_.create_time as create_t4_4_, user0_.delete_status as delete_s5_4_, user0_.description as descript6_4_, user0_.email as email7_4_, user0_.locked as locked8_4_, user0_.nick_name as nick_nam9_4_, user0_.password as passwor10_4_, user0_.sex as sex11_4_, user0_.telephone as telepho12_4_, user0_.update_time as update_13_4_, user0_.user_name as user_na14_4_ from tb_user user0_ where user0_.user_name=?
2018-04-09 20:24:54.139 [http-nio-80-exec-1] DEBUG org.hibernate.SQL - select roles0_.user_id as user_id1_5_0_, roles0_.role_id as role_id2_5_0_, role1_.id as id1_1_1_, role1_.create_time as create_t2_1_1_, role1_.description as descript3_1_1_, role1_.name as name4_1_1_, role1_.role_key as role_key5_1_1_, role1_.status as status6_1_1_, role1_.update_time as update_t7_1_1_ from tb_user_role roles0_ inner join tb_role role1_ on roles0_.role_id=role1_.id where roles0_.user_id=?
2018-04-09 20:24:54.140 [http-nio-80-exec-1] DEBUG org.hibernate.SQL - select resources0_.role_id as role_id1_2_0_, resources0_.resource_id as resource2_2_0_, resource1_.id as id1_0_1_, resource1_.create_time as create_t2_0_1_, resource1_.description as descript3_0_1_, resource1_.icon as icon4_0_1_, resource1_.is_hide as is_hide5_0_1_, resource1_.level as level6_0_1_, resource1_.name as name7_0_1_, resource1_.parent_id as parent_13_0_1_, resource1_.sort as sort8_0_1_, resource1_.source_key as source_k9_0_1_, resource1_.source_url as source_10_0_1_, resource1_.type as type11_0_1_, resource1_.update_time as update_12_0_1_ from tb_role_resource resources0_ inner join tb_resource resource1_ on resources0_.resource_id=resource1_.id where resources0_.role_id=?
2018-04-09 20:24:54.143 [http-nio-80-exec-1] DEBUG org.hibernate.SQL - select user0_.id as id1_4_, user0_.address as address2_4_, user0_.birthday as birthday3_4_, user0_.create_time as create_t4_4_, user0_.delete_status as delete_s5_4_, user0_.description as descript6_4_, user0_.email as email7_4_, user0_.locked as locked8_4_, user0_.nick_name as nick_nam9_4_, user0_.password as passwor10_4_, user0_.sex as sex11_4_, user0_.telephone as telepho12_4_, user0_.update_time as update_13_4_, user0_.user_name as user_na14_4_ from tb_user user0_ where user0_.user_name=?
2018-04-09 20:24:54.145 [http-nio-80-exec-1] DEBUG org.hibernate.SQL - select user0_.id as id1_4_, user0_.address as address2_4_, user0_.birthday as birthday3_4_, user0_.create_time as create_t4_4_, user0_.delete_status as delete_s5_4_, user0_.description as descript6_4_, user0_.email as email7_4_, user0_.locked as locked8_4_, user0_.nick_name as nick_nam9_4_, user0_.password as passwor10_4_, user0_.sex as sex11_4_, user0_.telephone as telepho12_4_, user0_.update_time as update_13_4_, user0_.user_name as user_na14_4_ from tb_user user0_ where user0_.user_name=?
2018-04-09 20:24:54.348 [http-nio-80-exec-8] DEBUG org.hibernate.SQL - select subject0_.id as id1_3_, subject0_.create_time as create_t2_3_, subject0_.description as descript3_3_, subject0_.is_hide as is_hide4_3_, subject0_.level as level5_3_, subject0_.name as name6_3_, subject0_.parent_id as parent_i9_3_, subject0_.sort as sort7_3_, subject0_.update_time as update_t8_3_ from tb_subject subject0_ where subject0_.name like ? limit ?
2018-04-09 20:24:56.144 [http-nio-80-exec-9] DEBUG org.hibernate.SQL - select subject0_.id as id1_3_, subject0_.create_time as create_t2_3_, subject0_.description as descript3_3_, subject0_.is_hide as is_hide4_3_, subject0_.level as level5_3_, subject0_.name as name6_3_, subject0_.parent_id as parent_i9_3_, subject0_.sort as sort7_3_, subject0_.update_time as update_t8_3_ from tb_subject subject0_
2018-04-09 20:24:58.255 [http-nio-80-exec-6] DEBUG org.hibernate.SQL - select subject0_.id as id1_3_, subject0_.create_time as create_t2_3_, subject0_.description as descript3_3_, subject0_.is_hide as is_hide4_3_, subject0_.level as level5_3_, subject0_.name as name6_3_, subject0_.parent_id as parent_i9_3_, subject0_.sort as sort7_3_, subject0_.update_time as update_t8_3_ from tb_subject subject0_ where subject0_.name like ? limit ?
2018-04-09 20:24:58.832 [http-nio-80-exec-5] DEBUG org.hibernate.SQL - select subject0_.id as id1_3_0_, subject0_.create_time as create_t2_3_0_, subject0_.description as descript3_3_0_, subject0_.is_hide as is_hide4_3_0_, subject0_.level as level5_3_0_, subject0_.name as name6_3_0_, subject0_.parent_id as parent_i9_3_0_, subject0_.sort as sort7_3_0_, subject0_.update_time as update_t8_3_0_ from tb_subject subject0_ where subject0_.id=?
2018-04-09 20:24:58.836 [http-nio-80-exec-5] DEBUG org.hibernate.SQL - select subject0_.id as id1_3_, subject0_.create_time as create_t2_3_, subject0_.description as descript3_3_, subject0_.is_hide as is_hide4_3_, subject0_.level as level5_3_, subject0_.name as name6_3_, subject0_.parent_id as parent_i9_3_, subject0_.sort as sort7_3_, subject0_.update_time as update_t8_3_ from tb_subject subject0_
2018-04-09 20:25:08.071 [http-nio-80-exec-10] DEBUG org.hibernate.SQL - select subject0_.id as id1_3_, subject0_.create_time as create_t2_3_, subject0_.description as descript3_3_, subject0_.is_hide as is_hide4_3_, subject0_.level as level5_3_, subject0_.name as name6_3_, subject0_.parent_id as parent_i9_3_, subject0_.sort as sort7_3_, subject0_.update_time as update_t8_3_ from tb_subject subject0_ where subject0_.name like ? limit ?
2018-04-09 20:25:23.401 [http-nio-80-exec-7] DEBUG org.hibernate.SQL - select subject0_.id as id1_3_0_, subject0_.create_time as create_t2_3_0_, subject0_.description as descript3_3_0_, subject0_.is_hide as is_hide4_3_0_, subject0_.level as level5_3_0_, subject0_.name as name6_3_0_, subject0_.parent_id as parent_i9_3_0_, subject0_.sort as sort7_3_0_, subject0_.update_time as update_t8_3_0_ from tb_subject subject0_ where subject0_.id=?
2018-04-09 20:25:23.414 [http-nio-80-exec-7] DEBUG org.hibernate.SQL - select subject0_.id as id1_3_, subject0_.create_time as create_t2_3_, subject0_.description as descript3_3_, subject0_.is_hide as is_hide4_3_, subject0_.level as level5_3_, subject0_.name as name6_3_, subject0_.parent_id as parent_i9_3_, subject0_.sort as sort7_3_, subject0_.update_time as update_t8_3_ from tb_subject subject0_
2018-04-09 20:25:32.700 [http-nio-80-exec-2] DEBUG org.hibernate.SQL - select subject0_.id as id1_3_0_, subject0_.create_time as create_t2_3_0_, subject0_.description as descript3_3_0_, subject0_.is_hide as is_hide4_3_0_, subject0_.level as level5_3_0_, subject0_.name as name6_3_0_, subject0_.parent_id as parent_i9_3_0_, subject0_.sort as sort7_3_0_, subject0_.update_time as update_t8_3_0_ from tb_subject subject0_ where subject0_.id=?
2018-04-09 20:25:32.754 [http-nio-80-exec-2] DEBUG org.hibernate.SQL - update tb_subject set create_time=?, description=?, is_hide=?, level=?, name=?, parent_id=?, sort=?, update_time=? where id=?
2018-04-09 20:25:34.906 [http-nio-80-exec-3] DEBUG org.hibernate.SQL - select subject0_.id as id1_3_, subject0_.create_time as create_t2_3_, subject0_.description as descript3_3_, subject0_.is_hide as is_hide4_3_, subject0_.level as level5_3_, subject0_.name as name6_3_, subject0_.parent_id as parent_i9_3_, subject0_.sort as sort7_3_, subject0_.update_time as update_t8_3_ from tb_subject subject0_ where subject0_.name like ? limit ?
2018-04-09 20:25:39.238 [http-nio-80-exec-5] DEBUG org.hibernate.SQL - select user0_.id as id1_4_, user0_.address as address2_4_, user0_.birthday as birthday3_4_, user0_.create_time as create_t4_4_, user0_.delete_status as delete_s5_4_, user0_.description as descript6_4_, user0_.email as email7_4_, user0_.locked as locked8_4_, user0_.nick_name as nick_nam9_4_, user0_.password as passwor10_4_, user0_.sex as sex11_4_, user0_.telephone as telepho12_4_, user0_.update_time as update_13_4_, user0_.user_name as user_na14_4_ from tb_user user0_ where user0_.user_name=?
2018-04-09 20:25:39.240 [http-nio-80-exec-5] DEBUG org.hibernate.SQL - select roles0_.user_id as user_id1_5_0_, roles0_.role_id as role_id2_5_0_, role1_.id as id1_1_1_, role1_.create_time as create_t2_1_1_, role1_.description as descript3_1_1_, role1_.name as name4_1_1_, role1_.role_key as role_key5_1_1_, role1_.status as status6_1_1_, role1_.update_time as update_t7_1_1_ from tb_user_role roles0_ inner join tb_role role1_ on roles0_.role_id=role1_.id where roles0_.user_id=?
2018-04-09 20:25:39.241 [http-nio-80-exec-5] DEBUG org.hibernate.SQL - select resources0_.role_id as role_id1_2_0_, resources0_.resource_id as resource2_2_0_, resource1_.id as id1_0_1_, resource1_.create_time as create_t2_0_1_, resource1_.description as descript3_0_1_, resource1_.icon as icon4_0_1_, resource1_.is_hide as is_hide5_0_1_, resource1_.level as level6_0_1_, resource1_.name as name7_0_1_, resource1_.parent_id as parent_13_0_1_, resource1_.sort as sort8_0_1_, resource1_.source_key as source_k9_0_1_, resource1_.source_url as source_10_0_1_, resource1_.type as type11_0_1_, resource1_.update_time as update_12_0_1_ from tb_role_resource resources0_ inner join tb_resource resource1_ on resources0_.resource_id=resource1_.id where resources0_.role_id=?
2018-04-09 20:25:39.243 [http-nio-80-exec-5] DEBUG org.hibernate.SQL - select user0_.id as id1_4_, user0_.address as address2_4_, user0_.birthday as birthday3_4_, user0_.create_time as create_t4_4_, user0_.delete_status as delete_s5_4_, user0_.description as descript6_4_, user0_.email as email7_4_, user0_.locked as locked8_4_, user0_.nick_name as nick_nam9_4_, user0_.password as passwor10_4_, user0_.sex as sex11_4_, user0_.telephone as telepho12_4_, user0_.update_time as update_13_4_, user0_.user_name as user_na14_4_ from tb_user user0_ where user0_.user_name=?
2018-04-09 20:25:39.246 [http-nio-80-exec-5] DEBUG org.hibernate.SQL - select user0_.id as id1_4_, user0_.address as address2_4_, user0_.birthday as birthday3_4_, user0_.create_time as create_t4_4_, user0_.delete_status as delete_s5_4_, user0_.description as descript6_4_, user0_.email as email7_4_, user0_.locked as locked8_4_, user0_.nick_name as nick_nam9_4_, user0_.password as passwor10_4_, user0_.sex as sex11_4_, user0_.telephone as telepho12_4_, user0_.update_time as update_13_4_, user0_.user_name as user_na14_4_ from tb_user user0_ where user0_.user_name=?
2018-04-09 20:25:39.448 [http-nio-80-exec-5] DEBUG org.hibernate.SQL - select subject0_.id as id1_3_, subject0_.create_time as create_t2_3_, subject0_.description as descript3_3_, subject0_.is_hide as is_hide4_3_, subject0_.level as level5_3_, subject0_.name as name6_3_, subject0_.parent_id as parent_i9_3_, subject0_.sort as sort7_3_, subject0_.update_time as update_t8_3_ from tb_subject subject0_ where subject0_.name like ? limit ?
2018-04-09 20:25:44.745 [http-nio-80-exec-7] DEBUG org.hibernate.SQL - select subject0_.id as id1_3_, subject0_.create_time as create_t2_3_, subject0_.description as descript3_3_, subject0_.is_hide as is_hide4_3_, subject0_.level as level5_3_, subject0_.name as name6_3_, subject0_.parent_id as parent_i9_3_, subject0_.sort as sort7_3_, subject0_.update_time as update_t8_3_ from tb_subject subject0_
2018-04-09 20:26:31.036 [http-nio-80-exec-9] DEBUG org.hibernate.SQL - insert into tb_subject (create_time, description, is_hide, level, name, parent_id, sort, update_time) values (?, ?, ?, ?, ?, ?, ?, ?)
2018-04-09 20:26:33.144 [http-nio-80-exec-8] DEBUG org.hibernate.SQL - select subject0_.id as id1_3_, subject0_.create_time as create_t2_3_, subject0_.description as descript3_3_, subject0_.is_hide as is_hide4_3_, subject0_.level as level5_3_, subject0_.name as name6_3_, subject0_.parent_id as parent_i9_3_, subject0_.sort as sort7_3_, subject0_.update_time as update_t8_3_ from tb_subject subject0_ where subject0_.name like ? limit ?
2018-04-09 20:26:42.909 [http-nio-80-exec-3] DEBUG org.hibernate.SQL - select subject0_.id as id1_3_, subject0_.create_time as create_t2_3_, subject0_.description as descript3_3_, subject0_.is_hide as is_hide4_3_, subject0_.level as level5_3_, subject0_.name as name6_3_, subject0_.parent_id as parent_i9_3_, subject0_.sort as sort7_3_, subject0_.update_time as update_t8_3_ from tb_subject subject0_
2018-04-09 20:26:48.833 [http-nio-80-exec-8] DEBUG org.hibernate.SQL - select subject0_.id as id1_3_, subject0_.create_time as create_t2_3_, subject0_.description as descript3_3_, subject0_.is_hide as is_hide4_3_, subject0_.level as level5_3_, subject0_.name as name6_3_, subject0_.parent_id as parent_i9_3_, subject0_.sort as sort7_3_, subject0_.update_time as update_t8_3_ from tb_subject subject0_ where subject0_.name like ? limit ?
2018-04-09 20:26:53.217 [http-nio-80-exec-4] DEBUG org.hibernate.SQL - select subject0_.id as id1_3_0_, subject0_.create_time as create_t2_3_0_, subject0_.description as descript3_3_0_, subject0_.is_hide as is_hide4_3_0_, subject0_.level as level5_3_0_, subject0_.name as name6_3_0_, subject0_.parent_id as parent_i9_3_0_, subject0_.sort as sort7_3_0_, subject0_.update_time as update_t8_3_0_ from tb_subject subject0_ where subject0_.id=?
2018-04-09 20:26:53.219 [http-nio-80-exec-4] DEBUG org.hibernate.SQL - select subject0_.id as id1_3_, subject0_.create_time as create_t2_3_, subject0_.description as descript3_3_, subject0_.is_hide as is_hide4_3_, subject0_.level as level5_3_, subject0_.name as name6_3_, subject0_.parent_id as parent_i9_3_, subject0_.sort as sort7_3_, subject0_.update_time as update_t8_3_ from tb_subject subject0_
2018-04-09 20:27:06.266 [http-nio-80-exec-2] DEBUG org.hibernate.SQL - select subject0_.id as id1_3_0_, subject0_.create_time as create_t2_3_0_, subject0_.description as descript3_3_0_, subject0_.is_hide as is_hide4_3_0_, subject0_.level as level5_3_0_, subject0_.name as name6_3_0_, subject0_.parent_id as parent_i9_3_0_, subject0_.sort as sort7_3_0_, subject0_.update_time as update_t8_3_0_ from tb_subject subject0_ where subject0_.id=?
2018-04-09 20:27:06.267 [http-nio-80-exec-2] DEBUG org.hibernate.SQL - update tb_subject set create_time=?, description=?, is_hide=?, level=?, name=?, parent_id=?, sort=?, update_time=? where id=?
2018-04-09 20:27:07.875 [http-nio-80-exec-5] DEBUG org.hibernate.SQL - select subject0_.id as id1_3_, subject0_.create_time as create_t2_3_, subject0_.description as descript3_3_, subject0_.is_hide as is_hide4_3_, subject0_.level as level5_3_, subject0_.name as name6_3_, subject0_.parent_id as parent_i9_3_, subject0_.sort as sort7_3_, subject0_.update_time as update_t8_3_ from tb_subject subject0_ where subject0_.name like ? limit ?
2018-04-09 20:27:16.681 [http-nio-80-exec-7] DEBUG org.hibernate.SQL - select subject0_.id as id1_3_, subject0_.create_time as create_t2_3_, subject0_.description as descript3_3_, subject0_.is_hide as is_hide4_3_, subject0_.level as level5_3_, subject0_.name as name6_3_, subject0_.parent_id as parent_i9_3_, subject0_.sort as sort7_3_, subject0_.update_time as update_t8_3_ from tb_subject subject0_
2018-04-09 20:27:22.510 [http-nio-80-exec-10] DEBUG org.hibernate.SQL - select subject0_.id as id1_3_, subject0_.create_time as create_t2_3_, subject0_.description as descript3_3_, subject0_.is_hide as is_hide4_3_, subject0_.level as level5_3_, subject0_.name as name6_3_, subject0_.parent_id as parent_i9_3_, subject0_.sort as sort7_3_, subject0_.update_time as update_t8_3_ from tb_subject subject0_ where subject0_.name like ? limit ?
2018-04-09 20:27:25.384 [http-nio-80-exec-6] DEBUG org.hibernate.SQL - select subject0_.id as id1_3_0_, subject0_.create_time as create_t2_3_0_, subject0_.description as descript3_3_0_, subject0_.is_hide as is_hide4_3_0_, subject0_.level as level5_3_0_, subject0_.name as name6_3_0_, subject0_.parent_id as parent_i9_3_0_, subject0_.sort as sort7_3_0_, subject0_.update_time as update_t8_3_0_ from tb_subject subject0_ where subject0_.id=?
2018-04-09 20:27:25.386 [http-nio-80-exec-6] DEBUG org.hibernate.SQL - select subject0_.id as id1_3_, subject0_.create_time as create_t2_3_, subject0_.description as descript3_3_, subject0_.is_hide as is_hide4_3_, subject0_.level as level5_3_, subject0_.name as name6_3_, subject0_.parent_id as parent_i9_3_, subject0_.sort as sort7_3_, subject0_.update_time as update_t8_3_ from tb_subject subject0_
2018-04-09 20:27:38.555 [http-nio-80-exec-2] DEBUG org.hibernate.SQL - select subject0_.id as id1_3_, subject0_.create_time as create_t2_3_, subject0_.description as descript3_3_, subject0_.is_hide as is_hide4_3_, subject0_.level as level5_3_, subject0_.name as name6_3_, subject0_.parent_id as parent_i9_3_, subject0_.sort as sort7_3_, subject0_.update_time as update_t8_3_ from tb_subject subject0_ where subject0_.name like ? limit ?
2018-04-09 20:27:47.049 [http-nio-80-exec-3] DEBUG org.hibernate.SQL - select subject0_.id as id1_3_0_, subject0_.create_time as create_t2_3_0_, subject0_.description as descript3_3_0_, subject0_.is_hide as is_hide4_3_0_, subject0_.level as level5_3_0_, subject0_.name as name6_3_0_, subject0_.parent_id as parent_i9_3_0_, subject0_.sort as sort7_3_0_, subject0_.update_time as update_t8_3_0_ from tb_subject subject0_ where subject0_.id=?
2018-04-09 20:27:47.052 [http-nio-80-exec-3] DEBUG org.hibernate.SQL - select subject0_.id as id1_3_, subject0_.create_time as create_t2_3_, subject0_.description as descript3_3_, subject0_.is_hide as is_hide4_3_, subject0_.level as level5_3_, subject0_.name as name6_3_, subject0_.parent_id as parent_i9_3_, subject0_.sort as sort7_3_, subject0_.update_time as update_t8_3_ from tb_subject subject0_
2018-04-09 20:28:01.603 [http-nio-80-exec-1] DEBUG org.hibernate.SQL - select subject0_.id as id1_3_0_, subject0_.create_time as create_t2_3_0_, subject0_.description as descript3_3_0_, subject0_.is_hide as is_hide4_3_0_, subject0_.level as level5_3_0_, subject0_.name as name6_3_0_, subject0_.parent_id as parent_i9_3_0_, subject0_.sort as sort7_3_0_, subject0_.update_time as update_t8_3_0_ from tb_subject subject0_ where subject0_.id=?
2018-04-09 20:28:01.606 [http-nio-80-exec-1] DEBUG org.hibernate.SQL - update tb_subject set create_time=?, description=?, is_hide=?, level=?, name=?, parent_id=?, sort=?, update_time=? where id=?
2018-04-09 20:28:03.569 [http-nio-80-exec-2] DEBUG org.hibernate.SQL - select subject0_.id as id1_3_, subject0_.create_time as create_t2_3_, subject0_.description as descript3_3_, subject0_.is_hide as is_hide4_3_, subject0_.level as level5_3_, subject0_.name as name6_3_, subject0_.parent_id as parent_i9_3_, subject0_.sort as sort7_3_, subject0_.update_time as update_t8_3_ from tb_subject subject0_ where subject0_.name like ? limit ?
2018-04-09 20:31:51.777 [http-nio-80-exec-10] DEBUG org.hibernate.SQL - select subject0_.id as id1_3_, subject0_.create_time as create_t2_3_, subject0_.description as descript3_3_, subject0_.is_hide as is_hide4_3_, subject0_.level as level5_3_, subject0_.name as name6_3_, subject0_.parent_id as parent_i9_3_, subject0_.sort as sort7_3_, subject0_.update_time as update_t8_3_ from tb_subject subject0_
2018-04-09 20:31:54.369 [http-nio-80-exec-9] DEBUG org.hibernate.SQL - select subject0_.id as id1_3_, subject0_.create_time as create_t2_3_, subject0_.description as descript3_3_, subject0_.is_hide as is_hide4_3_, subject0_.level as level5_3_, subject0_.name as name6_3_, subject0_.parent_id as parent_i9_3_, subject0_.sort as sort7_3_, subject0_.update_time as update_t8_3_ from tb_subject subject0_ where subject0_.name like ? limit ?
2018-04-09 20:31:56.753 [http-nio-80-exec-10] DEBUG org.hibernate.SQL - select user0_.id as id1_4_, user0_.address as address2_4_, user0_.birthday as birthday3_4_, user0_.create_time as create_t4_4_, user0_.delete_status as delete_s5_4_, user0_.description as descript6_4_, user0_.email as email7_4_, user0_.locked as locked8_4_, user0_.nick_name as nick_nam9_4_, user0_.password as passwor10_4_, user0_.sex as sex11_4_, user0_.telephone as telepho12_4_, user0_.update_time as update_13_4_, user0_.user_name as user_na14_4_ from tb_user user0_ where user0_.user_name=?
2018-04-09 20:31:56.754 [http-nio-80-exec-10] DEBUG org.hibernate.SQL - select roles0_.user_id as user_id1_5_0_, roles0_.role_id as role_id2_5_0_, role1_.id as id1_1_1_, role1_.create_time as create_t2_1_1_, role1_.description as descript3_1_1_, role1_.name as name4_1_1_, role1_.role_key as role_key5_1_1_, role1_.status as status6_1_1_, role1_.update_time as update_t7_1_1_ from tb_user_role roles0_ inner join tb_role role1_ on roles0_.role_id=role1_.id where roles0_.user_id=?
2018-04-09 20:31:56.755 [http-nio-80-exec-10] DEBUG org.hibernate.SQL - select resources0_.role_id as role_id1_2_0_, resources0_.resource_id as resource2_2_0_, resource1_.id as id1_0_1_, resource1_.create_time as create_t2_0_1_, resource1_.description as descript3_0_1_, resource1_.icon as icon4_0_1_, resource1_.is_hide as is_hide5_0_1_, resource1_.level as level6_0_1_, resource1_.name as name7_0_1_, resource1_.parent_id as parent_13_0_1_, resource1_.sort as sort8_0_1_, resource1_.source_key as source_k9_0_1_, resource1_.source_url as source_10_0_1_, resource1_.type as type11_0_1_, resource1_.update_time as update_12_0_1_ from tb_role_resource resources0_ inner join tb_resource resource1_ on resources0_.resource_id=resource1_.id where resources0_.role_id=?
2018-04-09 20:31:56.758 [http-nio-80-exec-10] DEBUG org.hibernate.SQL - select user0_.id as id1_4_, user0_.address as address2_4_, user0_.birthday as birthday3_4_, user0_.create_time as create_t4_4_, user0_.delete_status as delete_s5_4_, user0_.description as descript6_4_, user0_.email as email7_4_, user0_.locked as locked8_4_, user0_.nick_name as nick_nam9_4_, user0_.password as passwor10_4_, user0_.sex as sex11_4_, user0_.telephone as telepho12_4_, user0_.update_time as update_13_4_, user0_.user_name as user_na14_4_ from tb_user user0_ where user0_.user_name=?
2018-04-09 20:31:56.760 [http-nio-80-exec-10] DEBUG org.hibernate.SQL - select user0_.id as id1_4_, user0_.address as address2_4_, user0_.birthday as birthday3_4_, user0_.create_time as create_t4_4_, user0_.delete_status as delete_s5_4_, user0_.description as descript6_4_, user0_.email as email7_4_, user0_.locked as locked8_4_, user0_.nick_name as nick_nam9_4_, user0_.password as passwor10_4_, user0_.sex as sex11_4_, user0_.telephone as telepho12_4_, user0_.update_time as update_13_4_, user0_.user_name as user_na14_4_ from tb_user user0_ where user0_.user_name=?
2018-04-09 20:31:56.762 [http-nio-80-exec-10] DEBUG org.hibernate.SQL - select user0_.id as id1_4_, user0_.address as address2_4_, user0_.birthday as birthday3_4_, user0_.create_time as create_t4_4_, user0_.delete_status as delete_s5_4_, user0_.description as descript6_4_, user0_.email as email7_4_, user0_.locked as locked8_4_, user0_.nick_name as nick_nam9_4_, user0_.password as passwor10_4_, user0_.sex as sex11_4_, user0_.telephone as telepho12_4_, user0_.update_time as update_13_4_, user0_.user_name as user_na14_4_ from tb_user user0_ where user0_.user_name=?
2018-04-09 20:31:56.959 [http-nio-80-exec-8] DEBUG org.hibernate.SQL - select user0_.id as id1_4_, user0_.address as address2_4_, user0_.birthday as birthday3_4_, user0_.create_time as create_t4_4_, user0_.delete_status as delete_s5_4_, user0_.description as descript6_4_, user0_.email as email7_4_, user0_.locked as locked8_4_, user0_.nick_name as nick_nam9_4_, user0_.password as passwor10_4_, user0_.sex as sex11_4_, user0_.telephone as telepho12_4_, user0_.update_time as update_13_4_, user0_.user_name as user_na14_4_ from tb_user user0_ where user0_.nick_name like ? limit ?
2018-04-09 20:31:56.961 [http-nio-80-exec-8] DEBUG org.hibernate.SQL - select roles0_.user_id as user_id1_5_0_, roles0_.role_id as role_id2_5_0_, role1_.id as id1_1_1_, role1_.create_time as create_t2_1_1_, role1_.description as descript3_1_1_, role1_.name as name4_1_1_, role1_.role_key as role_key5_1_1_, role1_.status as status6_1_1_, role1_.update_time as update_t7_1_1_ from tb_user_role roles0_ inner join tb_role role1_ on roles0_.role_id=role1_.id where roles0_.user_id=?
2018-04-09 20:31:56.963 [http-nio-80-exec-8] DEBUG org.hibernate.SQL - select resources0_.role_id as role_id1_2_0_, resources0_.resource_id as resource2_2_0_, resource1_.id as id1_0_1_, resource1_.create_time as create_t2_0_1_, resource1_.description as descript3_0_1_, resource1_.icon as icon4_0_1_, resource1_.is_hide as is_hide5_0_1_, resource1_.level as level6_0_1_, resource1_.name as name7_0_1_, resource1_.parent_id as parent_13_0_1_, resource1_.sort as sort8_0_1_, resource1_.source_key as source_k9_0_1_, resource1_.source_url as source_10_0_1_, resource1_.type as type11_0_1_, resource1_.update_time as update_12_0_1_ from tb_role_resource resources0_ inner join tb_resource resource1_ on resources0_.resource_id=resource1_.id where resources0_.role_id=?
2018-04-09 20:32:03.578 [http-nio-80-exec-6] DEBUG org.hibernate.SQL - select user0_.id as id1_4_, user0_.address as address2_4_, user0_.birthday as birthday3_4_, user0_.create_time as create_t4_4_, user0_.delete_status as delete_s5_4_, user0_.description as descript6_4_, user0_.email as email7_4_, user0_.locked as locked8_4_, user0_.nick_name as nick_nam9_4_, user0_.password as passwor10_4_, user0_.sex as sex11_4_, user0_.telephone as telepho12_4_, user0_.update_time as update_13_4_, user0_.user_name as user_na14_4_ from tb_user user0_ where user0_.nick_name like ? limit ?
2018-04-09 20:32:03.581 [http-nio-80-exec-6] DEBUG org.hibernate.SQL - select roles0_.user_id as user_id1_5_0_, roles0_.role_id as role_id2_5_0_, role1_.id as id1_1_1_, role1_.create_time as create_t2_1_1_, role1_.description as descript3_1_1_, role1_.name as name4_1_1_, role1_.role_key as role_key5_1_1_, role1_.status as status6_1_1_, role1_.update_time as update_t7_1_1_ from tb_user_role roles0_ inner join tb_role role1_ on roles0_.role_id=role1_.id where roles0_.user_id=?
2018-04-09 20:32:03.583 [http-nio-80-exec-6] DEBUG org.hibernate.SQL - select resources0_.role_id as role_id1_2_0_, resources0_.resource_id as resource2_2_0_, resource1_.id as id1_0_1_, resource1_.create_time as create_t2_0_1_, resource1_.description as descript3_0_1_, resource1_.icon as icon4_0_1_, resource1_.is_hide as is_hide5_0_1_, resource1_.level as level6_0_1_, resource1_.name as name7_0_1_, resource1_.parent_id as parent_13_0_1_, resource1_.sort as sort8_0_1_, resource1_.source_key as source_k9_0_1_, resource1_.source_url as source_10_0_1_, resource1_.type as type11_0_1_, resource1_.update_time as update_12_0_1_ from tb_role_resource resources0_ inner join tb_resource resource1_ on resources0_.resource_id=resource1_.id where resources0_.role_id=?
2018-04-09 20:32:34.476 [http-nio-80-exec-2] DEBUG org.hibernate.SQL - select user0_.id as id1_4_, user0_.address as address2_4_, user0_.birthday as birthday3_4_, user0_.create_time as create_t4_4_, user0_.delete_status as delete_s5_4_, user0_.description as descript6_4_, user0_.email as email7_4_, user0_.locked as locked8_4_, user0_.nick_name as nick_nam9_4_, user0_.password as passwor10_4_, user0_.sex as sex11_4_, user0_.telephone as telepho12_4_, user0_.update_time as update_13_4_, user0_.user_name as user_na14_4_ from tb_user user0_ where user0_.user_name=?
2018-04-09 20:32:34.478 [http-nio-80-exec-2] DEBUG org.hibernate.SQL - select roles0_.user_id as user_id1_5_0_, roles0_.role_id as role_id2_5_0_, role1_.id as id1_1_1_, role1_.create_time as create_t2_1_1_, role1_.description as descript3_1_1_, role1_.name as name4_1_1_, role1_.role_key as role_key5_1_1_, role1_.status as status6_1_1_, role1_.update_time as update_t7_1_1_ from tb_user_role roles0_ inner join tb_role role1_ on roles0_.role_id=role1_.id where roles0_.user_id=?
2018-04-09 20:32:34.479 [http-nio-80-exec-2] DEBUG org.hibernate.SQL - select resources0_.role_id as role_id1_2_0_, resources0_.resource_id as resource2_2_0_, resource1_.id as id1_0_1_, resource1_.create_time as create_t2_0_1_, resource1_.description as descript3_0_1_, resource1_.icon as icon4_0_1_, resource1_.is_hide as is_hide5_0_1_, resource1_.level as level6_0_1_, resource1_.name as name7_0_1_, resource1_.parent_id as parent_13_0_1_, resource1_.sort as sort8_0_1_, resource1_.source_key as source_k9_0_1_, resource1_.source_url as source_10_0_1_, resource1_.type as type11_0_1_, resource1_.update_time as update_12_0_1_ from tb_role_resource resources0_ inner join tb_resource resource1_ on resources0_.resource_id=resource1_.id where resources0_.role_id=?
2018-04-09 20:32:34.487 [http-nio-80-exec-2] DEBUG org.hibernate.SQL - select user0_.id as id1_4_, user0_.address as address2_4_, user0_.birthday as birthday3_4_, user0_.create_time as create_t4_4_, user0_.delete_status as delete_s5_4_, user0_.description as descript6_4_, user0_.email as email7_4_, user0_.locked as locked8_4_, user0_.nick_name as nick_nam9_4_, user0_.password as passwor10_4_, user0_.sex as sex11_4_, user0_.telephone as telepho12_4_, user0_.update_time as update_13_4_, user0_.user_name as user_na14_4_ from tb_user user0_ where user0_.user_name=?
2018-04-09 20:32:34.489 [http-nio-80-exec-2] DEBUG org.hibernate.SQL - select user0_.id as id1_4_, user0_.address as address2_4_, user0_.birthday as birthday3_4_, user0_.create_time as create_t4_4_, user0_.delete_status as delete_s5_4_, user0_.description as descript6_4_, user0_.email as email7_4_, user0_.locked as locked8_4_, user0_.nick_name as nick_nam9_4_, user0_.password as passwor10_4_, user0_.sex as sex11_4_, user0_.telephone as telepho12_4_, user0_.update_time as update_13_4_, user0_.user_name as user_na14_4_ from tb_user user0_ where user0_.user_name=?
2018-04-09 20:32:34.492 [http-nio-80-exec-2] DEBUG org.hibernate.SQL - select user0_.id as id1_4_, user0_.address as address2_4_, user0_.birthday as birthday3_4_, user0_.create_time as create_t4_4_, user0_.delete_status as delete_s5_4_, user0_.description as descript6_4_, user0_.email as email7_4_, user0_.locked as locked8_4_, user0_.nick_name as nick_nam9_4_, user0_.password as passwor10_4_, user0_.sex as sex11_4_, user0_.telephone as telepho12_4_, user0_.update_time as update_13_4_, user0_.user_name as user_na14_4_ from tb_user user0_ where user0_.user_name=?
2018-04-09 20:32:34.791 [http-nio-80-exec-6] DEBUG org.hibernate.SQL - select resource0_.id as id1_0_, resource0_.create_time as create_t2_0_, resource0_.description as descript3_0_, resource0_.icon as icon4_0_, resource0_.is_hide as is_hide5_0_, resource0_.level as level6_0_, resource0_.name as name7_0_, resource0_.parent_id as parent_13_0_, resource0_.sort as sort8_0_, resource0_.source_key as source_k9_0_, resource0_.source_url as source_10_0_, resource0_.type as type11_0_, resource0_.update_time as update_12_0_ from tb_resource resource0_ where resource0_.name like ? limit ?
2018-04-09 20:32:34.793 [http-nio-80-exec-6] DEBUG org.hibernate.SQL - select count(resource0_.id) as col_0_0_ from tb_resource resource0_ where resource0_.name like ?
2018-04-09 20:32:35.906 [http-nio-80-exec-8] DEBUG org.hibernate.SQL - select resource0_.id as id1_0_, resource0_.create_time as create_t2_0_, resource0_.description as descript3_0_, resource0_.icon as icon4_0_, resource0_.is_hide as is_hide5_0_, resource0_.level as level6_0_, resource0_.name as name7_0_, resource0_.parent_id as parent_13_0_, resource0_.sort as sort8_0_, resource0_.source_key as source_k9_0_, resource0_.source_url as source_10_0_, resource0_.type as type11_0_, resource0_.update_time as update_12_0_ from tb_resource resource0_
2018-04-09 20:32:50.925 [http-nio-80-exec-7] DEBUG org.hibernate.SQL - select resource0_.id as id1_0_, resource0_.create_time as create_t2_0_, resource0_.description as descript3_0_, resource0_.icon as icon4_0_, resource0_.is_hide as is_hide5_0_, resource0_.level as level6_0_, resource0_.name as name7_0_, resource0_.parent_id as parent_13_0_, resource0_.sort as sort8_0_, resource0_.source_key as source_k9_0_, resource0_.source_url as source_10_0_, resource0_.type as type11_0_, resource0_.update_time as update_12_0_ from tb_resource resource0_ where resource0_.name like ? limit ?
2018-04-09 20:32:50.927 [http-nio-80-exec-7] DEBUG org.hibernate.SQL - select count(resource0_.id) as col_0_0_ from tb_resource resource0_ where resource0_.name like ?
